Copyright 1986-2022 Xilinx, Inc. All Rights Reserved. Copyright 2022-2024 Advanced Micro Devices, Inc. All Rights Reserved.
---------------------------------------------------------------------------------------------------------------------------------------------
| Tool Version : Vivado v.2024.1 (lin64) Build 5076996 Wed May 22 18:36:09 MDT 2024
| Date         : Fri Dec  6 10:51:43 2024
| Host         : eecs-digital-10 running 64-bit Ubuntu 24.04.1 LTS
| Command      : report_timing -file obj/post_synth_timing.rpt
| Design       : top_level
| Device       : 7a100t-csg324
| Speed File   : -1  PRODUCTION 1.23 2018-06-13
| Design State : Synthesized
---------------------------------------------------------------------------------------------------------------------------------------------

Timing Report

Slack (VIOLATED) :        -3.029ns  (required time - arrival time)
  Source:                 nolabel_line114/pixel_valid_out_reg/C
                            (rising edge-triggered cell FDRE clocked by clk_camera_cw_fast  {rise@0.000ns fall@2.500ns period=5.000ns})
  Destination:            addra_reg[0]/CE
                            (rising edge-triggered cell FDRE clocked by clk_pixel_cw_hdmi  {rise@0.000ns fall@6.734ns period=13.468ns})
  Path Group:             clk_pixel_cw_hdmi
  Path Type:              Setup (Max at Slow Process Corner)
  Requirement:            0.017ns  (clk_pixel_cw_hdmi rise@835.017ns - clk_camera_cw_fast rise@835.000ns)
  Data Path Delay:        2.135ns  (logic 0.773ns (36.206%)  route 1.362ns (63.794%))
  Logic Levels:           1  (LUT5=1)
  Clock Path Skew:        -0.190ns (DCD - SCD + CPR)
    Destination Clock Delay (DCD):    -2.753ns = ( 832.264 - 835.017 ) 
    Source Clock Delay      (SCD):    -3.066ns = ( 831.934 - 835.000 ) 
    Clock Pessimism Removal (CPR):    -0.504ns
  Clock Uncertainty:      0.518ns  ((TSJ^2 + DJ^2)^1/2) / 2 + PE
    Total System Jitter     (TSJ):    0.071ns
    Discrete Jitter          (DJ):    0.340ns
    Phase Error              (PE):    0.345ns

    Location             Delay type                Incr(ns)  Path(ns)    Netlist Resource(s)
  -------------------------------------------------------------------    -------------------
                         (clock clk_camera_cw_fast rise edge)
                                                    835.000   835.000 r  
    E3                                                0.000   835.000 r  clk_100mhz (IN)
                         net (fo=0)                   0.000   835.000    wizard_migcam/clk_100mhz
    E3                   IBUF (Prop_ibuf_I_O)         1.482   836.482 r  wizard_migcam/clkin1_ibufg/O
                         net (fo=1, unplaced)         0.584   837.066    wizard_migcam/clk_in1_cw_fast
                         PLLE2_ADV (Prop_plle2_adv_CLKIN1_CLKOUT2)
                                                     -6.615   830.451 r  wizard_migcam/plle2_adv_inst/CLKOUT2
                         net (fo=1, unplaced)         0.803   831.254    wizard_migcam/clk_camera_cw_fast
                         BUFG (Prop_bufg_I_O)         0.096   831.350 r  wizard_migcam/clkout3_buf/O
                         net (fo=200, unplaced)       0.584   831.934    nolabel_line114/clk_camera
                         FDRE                                         r  nolabel_line114/pixel_valid_out_reg/C
  -------------------------------------------------------------------    -------------------
                         FDRE (Prop_fdre_C_Q)         0.478   832.412 r  nolabel_line114/pixel_valid_out_reg/Q
                         net (fo=2, unplaced)         0.817   833.229    nolabel_line114/camera_valid
                         LUT5 (Prop_lut5_I0_O)        0.295   833.524 r  nolabel_line114/valid_camera_mem_i_1/O
                         net (fo=33, unplaced)        0.545   834.069    addra0
                         FDRE                                         r  addra_reg[0]/CE
  -------------------------------------------------------------------    -------------------

                         (clock clk_pixel_cw_hdmi rise edge)
                                                    835.017   835.017 r  
    E3                                                0.000   835.017 r  clk_100mhz (IN)
                         net (fo=0)                   0.000   835.017    wizard_migcam/clk_100mhz
    E3                   IBUF (Prop_ibuf_I_O)         1.411   836.428 r  wizard_migcam/clkin1_ibufg/O
                         net (fo=1, unplaced)         0.439   836.867    wizard_migcam/clk_in1_cw_fast
                         PLLE2_ADV (Prop_plle2_adv_CLKIN1_CLKOUT0)
                                                     -5.896   830.971 r  wizard_migcam/plle2_adv_inst/CLKOUT0
                         net (fo=1, unplaced)         0.763   831.734    wizard_migcam/clk_100_cw_fast
                         BUFG (Prop_bufg_I_O)         0.091   831.825 r  wizard_migcam/clkout1_buf/O
                         net (fo=1, unplaced)         0.439   832.264    wizard_hdmi/clk_100
                         MMCME2_ADV (Prop_mmcme2_adv_CLKIN1_CLKOUT0)
                                                     -1.293   830.971 r  wizard_hdmi/mmcm_adv_inst/CLKOUT0
                         net (fo=1, unplaced)         0.763   831.734    wizard_hdmi/clk_pixel_cw_hdmi
                         BUFG (Prop_bufg_I_O)         0.091   831.825 r  wizard_hdmi/clkout1_buf/O
                         net (fo=483, unplaced)       0.439   832.264    clk_pixel
                         FDRE                                         r  addra_reg[0]/C
                         clock pessimism             -0.504   831.761    
                         clock uncertainty           -0.518   831.242    
                         FDRE (Setup_fdre_C_CE)      -0.202   831.040    addra_reg[0]
  -------------------------------------------------------------------
                         required time                        831.040    
                         arrival time                        -834.069    
  -------------------------------------------------------------------
                         slack                                 -3.029    




