Copyright 1986-2022 Xilinx, Inc. All Rights Reserved. Copyright 2022-2024 Advanced Micro Devices, Inc. All Rights Reserved.
---------------------------------------------------------------------------------------------------------------------------------------------
| Tool Version : Vivado v.2024.1 (lin64) Build 5076996 Wed May 22 18:36:09 MDT 2024
| Date         : Fri Dec  6 10:51:53 2024
| Host         : eecs-digital-10 running 64-bit Ubuntu 24.04.1 LTS
| Command      : report_timing -file obj/post_place_timing.rpt
| Design       : top_level
| Device       : 7a100t-csg324
| Speed File   : -1  PRODUCTION 1.23 2018-06-13
| Design State : Physopt postPlace
---------------------------------------------------------------------------------------------------------------------------------------------

Timing Report

Slack (VIOLATED) :        -2.909ns  (required time - arrival time)
  Source:                 nolabel_line114/pixel_valid_out_reg/C
                            (rising edge-triggered cell FDRE clocked by clk_camera_cw_fast  {rise@0.000ns fall@2.500ns period=5.000ns})
  Destination:            addra_reg[10]/CE
                            (rising edge-triggered cell FDRE clocked by clk_pixel_cw_hdmi  {rise@0.000ns fall@6.734ns period=13.468ns})
  Path Group:             clk_pixel_cw_hdmi
  Path Type:              Setup (Max at Slow Process Corner)
  Requirement:            0.017ns  (clk_pixel_cw_hdmi rise@835.017ns - clk_camera_cw_fast rise@835.000ns)
  Data Path Delay:        1.997ns  (logic 0.580ns (29.044%)  route 1.417ns (70.956%))
  Logic Levels:           1  (LUT5=1)
  Clock Path Skew:        -0.206ns (DCD - SCD + CPR)
    Destination Clock Delay (DCD):    -2.095ns = ( 832.921 - 835.017 ) 
    Source Clock Delay      (SCD):    -2.495ns = ( 832.505 - 835.000 ) 
    Clock Pessimism Removal (CPR):    -0.605ns
  Clock Uncertainty:      0.518ns  ((TSJ^2 + DJ^2)^1/2) / 2 + PE
    Total System Jitter     (TSJ):    0.071ns
    Discrete Jitter          (DJ):    0.340ns
    Phase Error              (PE):    0.345ns

    Location             Delay type                Incr(ns)  Path(ns)    Netlist Resource(s)
  -------------------------------------------------------------------    -------------------
                         (clock clk_camera_cw_fast rise edge)
                                                    835.000   835.000 r  
    E3                                                0.000   835.000 r  clk_100mhz (IN)
                         net (fo=0)                   0.000   835.000    wizard_migcam/clk_100mhz
    E3                   IBUF (Prop_ibuf_I_O)         1.482   836.482 r  wizard_migcam/clkin1_ibufg/O
                         net (fo=1, estimated)        1.253   837.735    wizard_migcam/clk_in1_cw_fast
    PLLE2_ADV_X1Y2       PLLE2_ADV (Prop_plle2_adv_CLKIN1_CLKOUT2)
                                                     -8.654   829.081 r  wizard_migcam/plle2_adv_inst/CLKOUT2
                         net (fo=1, estimated)        1.713   830.794    wizard_migcam/clk_camera_cw_fast
    BUFGCTRL_X0Y17       BUFG (Prop_bufg_I_O)         0.096   830.890 r  wizard_migcam/clkout3_buf/O
                         net (fo=202, estimated)      1.615   832.505    nolabel_line114/clk_camera
    SLICE_X63Y77         FDRE                                         r  nolabel_line114/pixel_valid_out_reg/C
  -------------------------------------------------------------------    -------------------
    SLICE_X63Y77         FDRE (Prop_fdre_C_Q)         0.456   832.961 r  nolabel_line114/pixel_valid_out_reg/Q
                         net (fo=2, estimated)        0.825   833.786    nolabel_line114/camera_valid
    SLICE_X62Y79         LUT5 (Prop_lut5_I0_O)        0.124   833.910 r  nolabel_line114/valid_camera_mem_i_1/O
                         net (fo=33, estimated)       0.592   834.502    addra0
    SLICE_X63Y79         FDRE                                         r  addra_reg[10]/CE
  -------------------------------------------------------------------    -------------------

                         (clock clk_pixel_cw_hdmi rise edge)
                                                    835.017   835.017 r  
    E3                                                0.000   835.017 r  clk_100mhz (IN)
                         net (fo=0)                   0.000   835.017    wizard_migcam/clk_100mhz
    E3                   IBUF (Prop_ibuf_I_O)         1.411   836.428 r  wizard_migcam/clkin1_ibufg/O
                         net (fo=1, estimated)        1.190   837.618    wizard_migcam/clk_in1_cw_fast
    PLLE2_ADV_X1Y2       PLLE2_ADV (Prop_plle2_adv_CLKIN1_CLKOUT0)
                                                     -7.915   829.703 r  wizard_migcam/plle2_adv_inst/CLKOUT0
                         net (fo=1, estimated)        1.627   831.330    wizard_migcam/clk_100_cw_fast
    BUFGCTRL_X0Y19       BUFG (Prop_bufg_I_O)         0.091   831.421 r  wizard_migcam/clkout1_buf/O
                         net (fo=1, estimated)        1.766   833.187    wizard_hdmi/clk_100
    MMCME2_ADV_X0Y0      MMCME2_ADV (Prop_mmcme2_adv_CLKIN1_CLKOUT0)
                                                     -3.774   829.413 r  wizard_hdmi/mmcm_adv_inst/CLKOUT0
                         net (fo=1, estimated)        1.917   831.330    wizard_hdmi/clk_pixel_cw_hdmi
    BUFGCTRL_X0Y0        BUFG (Prop_bufg_I_O)         0.091   831.421 r  wizard_hdmi/clkout1_buf/O
                         net (fo=481, estimated)      1.500   832.921    clk_pixel
    SLICE_X63Y79         FDRE                                         r  addra_reg[10]/C
                         clock pessimism             -0.605   832.316    
                         clock uncertainty           -0.518   831.798    
    SLICE_X63Y79         FDRE (Setup_fdre_C_CE)      -0.205   831.593    addra_reg[10]
  -------------------------------------------------------------------
                         required time                        831.593    
                         arrival time                        -834.502    
  -------------------------------------------------------------------
                         slack                                 -2.909    




