Copyright 1986-2022 Xilinx, Inc. All Rights Reserved. Copyright 2022-2024 Advanced Micro Devices, Inc. All Rights Reserved.
---------------------------------------------------------------------------------------------------------------------------------------------
| Tool Version : Vivado v.2024.1 (lin64) Build 5076996 Wed May 22 18:36:09 MDT 2024
| Date         : Fri Dec  6 10:52:55 2024
| Host         : eecs-digital-10 running 64-bit Ubuntu 24.04.1 LTS
| Command      : report_timing_summary -file obj/post_route_timing_summary.rpt
| Design       : top_level
| Device       : 7a100t-csg324
| Speed File   : -1  PRODUCTION 1.23 2018-06-13
| Design State : Routed
---------------------------------------------------------------------------------------------------------------------------------------------

Timing Summary Report

------------------------------------------------------------------------------------------------
| Timer Settings
| --------------
------------------------------------------------------------------------------------------------

  Enable Multi Corner Analysis               :  Yes
  Enable Pessimism Removal                   :  Yes
  Pessimism Removal Resolution               :  Nearest Common Node
  Enable Input Delay Default Clock           :  No
  Enable Preset / Clear Arcs                 :  No
  Disable Flight Delays                      :  No
  Ignore I/O Paths                           :  No
  Timing Early Launch at Borrowing Latches   :  No
  Borrow Time for Max Delay Exceptions       :  Yes
  Merge Timing Exceptions                    :  Yes
  Inter-SLR Compensation                     :  Conservative

  Corner  Analyze    Analyze    
  Name    Max Paths  Min Paths  
  ------  ---------  ---------  
  Slow    Yes        Yes        
  Fast    Yes        Yes        


------------------------------------------------------------------------------------------------
| Report Methodology
| ------------------
------------------------------------------------------------------------------------------------

No report available as report_methodology has not been run prior. Run report_methodology on the current design for the summary of methodology violations.



check_timing report

Table of Contents
-----------------
1. checking no_clock (0)
2. checking constant_clock (0)
3. checking pulse_width_clock (0)
4. checking unconstrained_internal_endpoints (0)
5. checking no_input_delay (25)
6. checking no_output_delay (34)
7. checking multiple_clock (0)
8. checking generated_clocks (0)
9. checking loops (0)
10. checking partial_input_delay (0)
11. checking partial_output_delay (0)
12. checking latch_loops (0)

1. checking no_clock (0)
------------------------
 There are 0 register/latch pins with no clock.


2. checking constant_clock (0)
------------------------------
 There are 0 register/latch pins with constant_clock.


3. checking pulse_width_clock (0)
---------------------------------
 There are 0 register/latch pins which need pulse_width check


4. checking unconstrained_internal_endpoints (0)
------------------------------------------------
 There are 0 pins that are not constrained for maximum delay.

 There are 0 pins that are not constrained for maximum delay due to constant clock.


5. checking no_input_delay (25)
-------------------------------
 There are 25 input ports with no input delay specified. (HIGH)

 There are 0 input ports with no input delay but user has a false path constraint.


6. checking no_output_delay (34)
--------------------------------
 There are 34 ports with no output delay specified. (HIGH)

 There are 0 ports with no output delay but user has a false path constraint

 There are 0 ports with no output delay but with a timing clock defined on it or propagating through it


7. checking multiple_clock (0)
------------------------------
 There are 0 register/latch pins with multiple clocks.


8. checking generated_clocks (0)
--------------------------------
 There are 0 generated clocks that are not connected to a clock source.


9. checking loops (0)
---------------------
 There are 0 combinational loops in the design.


10. checking partial_input_delay (0)
------------------------------------
 There are 0 input ports with partial input delay specified.


11. checking partial_output_delay (0)
-------------------------------------
 There are 0 ports with partial output delay specified.


12. checking latch_loops (0)
----------------------------
 There are 0 combinational latch loops in the design through latch input



------------------------------------------------------------------------------------------------
| Design Timing Summary
| ---------------------
------------------------------------------------------------------------------------------------

    WNS(ns)      TNS(ns)  TNS Failing Endpoints  TNS Total Endpoints      WHS(ns)      THS(ns)  THS Failing Endpoints  THS Total Endpoints     WPWS(ns)     TPWS(ns)  TPWS Failing Endpoints  TPWS Total Endpoints  
    -------      -------  ---------------------  -------------------      -------      -------  ---------------------  -------------------     --------     --------  ----------------------  --------------------  
     -3.953     -230.901                     65                 2441        0.060        0.000                      0                 2441        2.000        0.000                       0                   699  


Timing constraints are not met.


------------------------------------------------------------------------------------------------
| Clock Summary
| -------------
------------------------------------------------------------------------------------------------

Clock                  Waveform(ns)         Period(ns)      Frequency(MHz)
-----                  ------------         ----------      --------------
gclk                   {0.000 5.000}        10.000          100.000         
  clk_100_cw_fast      {0.000 5.000}        10.000          100.000         
    clk_pixel_cw_hdmi  {0.000 6.734}        13.468          74.250          
    clkfbout_cw_hdmi   {0.000 25.000}       50.000          20.000          
  clk_camera_cw_fast   {0.000 2.500}        5.000           200.000         
  clk_xc_cw_fast       {0.000 20.000}       40.000          25.000          
  clkfbout_cw_fast     {0.000 5.000}        10.000          100.000         


------------------------------------------------------------------------------------------------
| Intra Clock Table
| -----------------
------------------------------------------------------------------------------------------------

Clock                      WNS(ns)      TNS(ns)  TNS Failing Endpoints  TNS Total Endpoints      WHS(ns)      THS(ns)  THS Failing Endpoints  THS Total Endpoints     WPWS(ns)     TPWS(ns)  TPWS Failing Endpoints  TPWS Total Endpoints  
-----                      -------      -------  ---------------------  -------------------      -------      -------  ---------------------  -------------------     --------     --------  ----------------------  --------------------  
gclk                                                                                                                                                                     3.000        0.000                       0                     1  
  clk_100_cw_fast                                                                                                                                                        3.000        0.000                       0                     3  
    clk_pixel_cw_hdmi        6.142        0.000                      0                 1917        0.101        0.000                      0                 1917        6.234        0.000                       0                   483  
    clkfbout_cw_hdmi                                                                                                                                                    47.845        0.000                       0                     3  
  clk_camera_cw_fast         0.530        0.000                      0                  459        0.106        0.000                      0                  459        2.000        0.000                       0                   204  
  clk_xc_cw_fast                                                                                                                                                        37.845        0.000                       0                     2  
  clkfbout_cw_fast                                                                                                                                                       7.845        0.000                       0                     3  


------------------------------------------------------------------------------------------------
| Inter Clock Table
| -----------------
------------------------------------------------------------------------------------------------

From Clock          To Clock                WNS(ns)      TNS(ns)  TNS Failing Endpoints  TNS Total Endpoints      WHS(ns)      THS(ns)  THS Failing Endpoints  THS Total Endpoints  
----------          --------                -------      -------  ---------------------  -------------------      -------      -------  ---------------------  -------------------  
clk_camera_cw_fast  clk_pixel_cw_hdmi        -3.953     -230.901                     65                   65        0.060        0.000                      0                   65  


------------------------------------------------------------------------------------------------
| Other Path Groups Table
| -----------------------
------------------------------------------------------------------------------------------------

Path Group    From Clock    To Clock          WNS(ns)      TNS(ns)  TNS Failing Endpoints  TNS Total Endpoints      WHS(ns)      THS(ns)  THS Failing Endpoints  THS Total Endpoints  
----------    ----------    --------          -------      -------  ---------------------  -------------------      -------      -------  ---------------------  -------------------  


------------------------------------------------------------------------------------------------
| Timing Details
| --------------
------------------------------------------------------------------------------------------------


---------------------------------------------------------------------------------------------------
From Clock:  gclk
  To Clock:  gclk

Setup :           NA  Failing Endpoints,  Worst Slack           NA  ,  Total Violation           NA
Hold  :           NA  Failing Endpoints,  Worst Slack           NA  ,  Total Violation           NA
PW    :            0  Failing Endpoints,  Worst Slack        3.000ns,  Total Violation        0.000ns
---------------------------------------------------------------------------------------------------


Pulse Width Checks
--------------------------------------------------------------------------------------
Clock Name:         gclk
Waveform(ns):       { 0.000 5.000 }
Period(ns):         10.000
Sources:            { clk_100mhz }

Check Type        Corner  Lib Pin           Reference Pin  Required(ns)  Actual(ns)  Slack(ns)  Location        Pin
Min Period        n/a     PLLE2_ADV/CLKIN1  n/a            1.249         10.000      8.751      PLLE2_ADV_X1Y2  wizard_migcam/plle2_adv_inst/CLKIN1
Max Period        n/a     PLLE2_ADV/CLKIN1  n/a            52.633        10.000      42.633     PLLE2_ADV_X1Y2  wizard_migcam/plle2_adv_inst/CLKIN1
Low Pulse Width   Slow    PLLE2_ADV/CLKIN1  n/a            2.000         5.000       3.000      PLLE2_ADV_X1Y2  wizard_migcam/plle2_adv_inst/CLKIN1
High Pulse Width  Slow    PLLE2_ADV/CLKIN1  n/a            2.000         5.000       3.000      PLLE2_ADV_X1Y2  wizard_migcam/plle2_adv_inst/CLKIN1



---------------------------------------------------------------------------------------------------
From Clock:  clk_100_cw_fast
  To Clock:  clk_100_cw_fast

Setup :           NA  Failing Endpoints,  Worst Slack           NA  ,  Total Violation           NA
Hold  :           NA  Failing Endpoints,  Worst Slack           NA  ,  Total Violation           NA
PW    :            0  Failing Endpoints,  Worst Slack        3.000ns,  Total Violation        0.000ns
---------------------------------------------------------------------------------------------------


Pulse Width Checks
--------------------------------------------------------------------------------------
Clock Name:         clk_100_cw_fast
Waveform(ns):       { 0.000 5.000 }
Period(ns):         10.000
Sources:            { wizard_migcam/plle2_adv_inst/CLKOUT0 }

Check Type        Corner  Lib Pin            Reference Pin  Required(ns)  Actual(ns)  Slack(ns)  Location         Pin
Min Period        n/a     BUFG/I             n/a            2.155         10.000      7.845      BUFGCTRL_X0Y19   wizard_migcam/clkout1_buf/I
Max Period        n/a     MMCME2_ADV/CLKIN1  n/a            100.000       10.000      90.000     MMCME2_ADV_X0Y0  wizard_hdmi/mmcm_adv_inst/CLKIN1
Low Pulse Width   Slow    MMCME2_ADV/CLKIN1  n/a            2.000         5.000       3.000      MMCME2_ADV_X0Y0  wizard_hdmi/mmcm_adv_inst/CLKIN1
High Pulse Width  Slow    MMCME2_ADV/CLKIN1  n/a            2.000         5.000       3.000      MMCME2_ADV_X0Y0  wizard_hdmi/mmcm_adv_inst/CLKIN1



---------------------------------------------------------------------------------------------------
From Clock:  clk_pixel_cw_hdmi
  To Clock:  clk_pixel_cw_hdmi

Setup :            0  Failing Endpoints,  Worst Slack        6.142ns,  Total Violation        0.000ns
Hold  :            0  Failing Endpoints,  Worst Slack        0.101ns,  Total Violation        0.000ns
PW    :            0  Failing Endpoints,  Worst Slack        6.234ns,  Total Violation        0.000ns
---------------------------------------------------------------------------------------------------


Max Delay Paths
--------------------------------------------------------------------------------------
Slack (MET) :             6.142ns  (required time - arrival time)
  Source:                 addra_reg[6]/C
                            (rising edge-triggered cell FDRE clocked by clk_pixel_cw_hdmi  {rise@0.000ns fall@6.734ns period=13.468ns})
  Destination:            frame_buffer/U0/inst_blk_mem_gen/gnbram.gnativebmg.native_blk_mem_gen/valid.cstr/ramloop[27].ram.r/prim_noinit.ram/DEVICE_7SERIES.NO_BMM_INFO.TRUE_DP.CASCADED_PRIM36.ram_B/ADDRARDADDR[6]
                            (rising edge-triggered cell RAMB36E1 clocked by clk_pixel_cw_hdmi  {rise@0.000ns fall@6.734ns period=13.468ns})
  Path Group:             clk_pixel_cw_hdmi
  Path Type:              Setup (Max at Slow Process Corner)
  Requirement:            13.468ns  (clk_pixel_cw_hdmi rise@13.468ns - clk_pixel_cw_hdmi rise@0.000ns)
  Data Path Delay:        6.476ns  (logic 0.419ns (6.470%)  route 6.057ns (93.530%))
  Logic Levels:           0  
  Clock Path Skew:        0.099ns (DCD - SCD + CPR)
    Destination Clock Delay (DCD):    -1.826ns = ( 11.642 - 13.468 ) 
    Source Clock Delay      (SCD):    -2.427ns
    Clock Pessimism Removal (CPR):    -0.502ns
  Clock Uncertainty:      0.210ns  ((TSJ^2 + DJ^2)^1/2) / 2 + PE
    Total System Jitter     (TSJ):    0.071ns
    Discrete Jitter          (DJ):    0.414ns
    Phase Error              (PE):    0.000ns

    Location             Delay type                Incr(ns)  Path(ns)    Netlist Resource(s)
  -------------------------------------------------------------------    -------------------
                         (clock clk_pixel_cw_hdmi rise edge)
                                                      0.000     0.000 r  
    E3                                                0.000     0.000 r  clk_100mhz (IN)
                         net (fo=0)                   0.000     0.000    wizard_migcam/clk_100mhz
    E3                   IBUF (Prop_ibuf_I_O)         1.482     1.482 r  wizard_migcam/clkin1_ibufg/O
                         net (fo=1, routed)           1.253     2.735    wizard_migcam/clk_in1_cw_fast
    PLLE2_ADV_X1Y2       PLLE2_ADV (Prop_plle2_adv_CLKIN1_CLKOUT0)
                                                     -8.591    -5.856 r  wizard_migcam/plle2_adv_inst/CLKOUT0
                         net (fo=1, routed)           1.713    -4.143    wizard_migcam/clk_100_cw_fast
    BUFGCTRL_X0Y19       BUFG (Prop_bufg_I_O)         0.096    -4.047 r  wizard_migcam/clkout1_buf/O
                         net (fo=1, routed)           1.809    -2.238    wizard_hdmi/clk_100
    MMCME2_ADV_X0Y0      MMCME2_ADV (Prop_mmcme2_adv_CLKIN1_CLKOUT0)
                                                     -3.922    -6.159 r  wizard_hdmi/mmcm_adv_inst/CLKOUT0
                         net (fo=1, routed)           2.018    -4.141    wizard_hdmi/clk_pixel_cw_hdmi
    BUFGCTRL_X0Y0        BUFG (Prop_bufg_I_O)         0.096    -4.045 r  wizard_hdmi/clkout1_buf/O
                         net (fo=481, routed)         1.618    -2.427    clk_pixel
    SLICE_X63Y80         FDRE                                         r  addra_reg[6]/C
  -------------------------------------------------------------------    -------------------
    SLICE_X63Y80         FDRE (Prop_fdre_C_Q)         0.419    -2.008 r  addra_reg[6]/Q
                         net (fo=30, routed)          6.057     4.050    frame_buffer/U0/inst_blk_mem_gen/gnbram.gnativebmg.native_blk_mem_gen/valid.cstr/ramloop[27].ram.r/prim_noinit.ram/addra[6]
    RAMB36_X1Y8          RAMB36E1                                     r  frame_buffer/U0/inst_blk_mem_gen/gnbram.gnativebmg.native_blk_mem_gen/valid.cstr/ramloop[27].ram.r/prim_noinit.ram/DEVICE_7SERIES.NO_BMM_INFO.TRUE_DP.CASCADED_PRIM36.ram_B/ADDRARDADDR[6]
  -------------------------------------------------------------------    -------------------

                         (clock clk_pixel_cw_hdmi rise edge)
                                                     13.468    13.468 r  
    E3                                                0.000    13.468 r  clk_100mhz (IN)
                         net (fo=0)                   0.000    13.468    wizard_migcam/clk_100mhz
    E3                   IBUF (Prop_ibuf_I_O)         1.411    14.879 r  wizard_migcam/clkin1_ibufg/O
                         net (fo=1, routed)           1.181    16.060    wizard_migcam/clk_in1_cw_fast
    PLLE2_ADV_X1Y2       PLLE2_ADV (Prop_plle2_adv_CLKIN1_CLKOUT0)
                                                     -7.856     8.204 r  wizard_migcam/plle2_adv_inst/CLKOUT0
                         net (fo=1, routed)           1.634     9.838    wizard_migcam/clk_100_cw_fast
    BUFGCTRL_X0Y19       BUFG (Prop_bufg_I_O)         0.091     9.929 r  wizard_migcam/clkout1_buf/O
                         net (fo=1, routed)           1.683    11.612    wizard_hdmi/clk_100
    MMCME2_ADV_X0Y0      MMCME2_ADV (Prop_mmcme2_adv_CLKIN1_CLKOUT0)
                                                     -3.694     7.918 r  wizard_hdmi/mmcm_adv_inst/CLKOUT0
                         net (fo=1, routed)           1.923     9.841    wizard_hdmi/clk_pixel_cw_hdmi
    BUFGCTRL_X0Y0        BUFG (Prop_bufg_I_O)         0.091     9.932 r  wizard_hdmi/clkout1_buf/O
                         net (fo=481, routed)         1.709    11.642    frame_buffer/U0/inst_blk_mem_gen/gnbram.gnativebmg.native_blk_mem_gen/valid.cstr/ramloop[27].ram.r/prim_noinit.ram/clka
    RAMB36_X1Y8          RAMB36E1                                     r  frame_buffer/U0/inst_blk_mem_gen/gnbram.gnativebmg.native_blk_mem_gen/valid.cstr/ramloop[27].ram.r/prim_noinit.ram/DEVICE_7SERIES.NO_BMM_INFO.TRUE_DP.CASCADED_PRIM36.ram_B/CLKARDCLK
                         clock pessimism             -0.502    11.140    
                         clock uncertainty           -0.210    10.930    
    RAMB36_X1Y8          RAMB36E1 (Setup_ramb36e1_CLKARDCLK_ADDRARDADDR[6])
                                                     -0.739    10.191    frame_buffer/U0/inst_blk_mem_gen/gnbram.gnativebmg.native_blk_mem_gen/valid.cstr/ramloop[27].ram.r/prim_noinit.ram/DEVICE_7SERIES.NO_BMM_INFO.TRUE_DP.CASCADED_PRIM36.ram_B
  -------------------------------------------------------------------
                         required time                         10.191    
                         arrival time                          -4.050    
  -------------------------------------------------------------------
                         slack                                  6.142    





Min Delay Paths
--------------------------------------------------------------------------------------
Slack (MET) :             0.101ns  (arrival time - required time)
  Source:                 camera_mem_reg[2]/C
                            (rising edge-triggered cell FDRE clocked by clk_pixel_cw_hdmi  {rise@0.000ns fall@6.734ns period=13.468ns})
  Destination:            frame_buffer/U0/inst_blk_mem_gen/gnbram.gnativebmg.native_blk_mem_gen/valid.cstr/ramloop[3].ram.r/prim_noinit.ram/DEVICE_7SERIES.NO_BMM_INFO.TRUE_DP.SIMPLE_PRIM18.ram/DIADI[2]
                            (rising edge-triggered cell RAMB18E1 clocked by clk_pixel_cw_hdmi  {rise@0.000ns fall@6.734ns period=13.468ns})
  Path Group:             clk_pixel_cw_hdmi
  Path Type:              Hold (Min at Fast Process Corner)
  Requirement:            0.000ns  (clk_pixel_cw_hdmi rise@0.000ns - clk_pixel_cw_hdmi rise@0.000ns)
  Data Path Delay:        0.426ns  (logic 0.128ns (30.058%)  route 0.298ns (69.942%))
  Logic Levels:           0  
  Clock Path Skew:        0.081ns (DCD - SCD - CPR)
    Destination Clock Delay (DCD):    -0.278ns
    Source Clock Delay      (SCD):    -0.553ns
    Clock Pessimism Removal (CPR):    0.194ns

    Location             Delay type                Incr(ns)  Path(ns)    Netlist Resource(s)
  -------------------------------------------------------------------    -------------------
                         (clock clk_pixel_cw_hdmi rise edge)
                                                      0.000     0.000 r  
    E3                                                0.000     0.000 r  clk_100mhz (IN)
                         net (fo=0)                   0.000     0.000    wizard_migcam/clk_100mhz
    E3                   IBUF (Prop_ibuf_I_O)         0.250     0.250 r  wizard_migcam/clkin1_ibufg/O
                         net (fo=1, routed)           0.440     0.690    wizard_migcam/clk_in1_cw_fast
    PLLE2_ADV_X1Y2       PLLE2_ADV (Prop_plle2_adv_CLKIN1_CLKOUT0)
                                                     -2.342    -1.652 r  wizard_migcam/plle2_adv_inst/CLKOUT0
                         net (fo=1, routed)           0.514    -1.138    wizard_migcam/clk_100_cw_fast
    BUFGCTRL_X0Y19       BUFG (Prop_bufg_I_O)         0.026    -1.112 r  wizard_migcam/clkout1_buf/O
                         net (fo=1, routed)           0.624    -0.488    wizard_hdmi/clk_100
    MMCME2_ADV_X0Y0      MMCME2_ADV (Prop_mmcme2_adv_CLKIN1_CLKOUT0)
                                                     -1.296    -1.784 r  wizard_hdmi/mmcm_adv_inst/CLKOUT0
                         net (fo=1, routed)           0.648    -1.136    wizard_hdmi/clk_pixel_cw_hdmi
    BUFGCTRL_X0Y0        BUFG (Prop_bufg_I_O)         0.026    -1.110 r  wizard_hdmi/clkout1_buf/O
                         net (fo=481, routed)         0.557    -0.553    clk_pixel
    SLICE_X65Y79         FDRE                                         r  camera_mem_reg[2]/C
  -------------------------------------------------------------------    -------------------
    SLICE_X65Y79         FDRE (Prop_fdre_C_Q)         0.128    -0.425 r  camera_mem_reg[2]/Q
                         net (fo=4, routed)           0.298    -0.127    frame_buffer/U0/inst_blk_mem_gen/gnbram.gnativebmg.native_blk_mem_gen/valid.cstr/ramloop[3].ram.r/prim_noinit.ram/dina[2]
    RAMB18_X1Y33         RAMB18E1                                     r  frame_buffer/U0/inst_blk_mem_gen/gnbram.gnativebmg.native_blk_mem_gen/valid.cstr/ramloop[3].ram.r/prim_noinit.ram/DEVICE_7SERIES.NO_BMM_INFO.TRUE_DP.SIMPLE_PRIM18.ram/DIADI[2]
  -------------------------------------------------------------------    -------------------

                         (clock clk_pixel_cw_hdmi rise edge)
                                                      0.000     0.000 r  
    E3                                                0.000     0.000 r  clk_100mhz (IN)
                         net (fo=0)                   0.000     0.000    wizard_migcam/clk_100mhz
    E3                   IBUF (Prop_ibuf_I_O)         0.438     0.438 r  wizard_migcam/clkin1_ibufg/O
                         net (fo=1, routed)           0.481     0.919    wizard_migcam/clk_in1_cw_fast
    PLLE2_ADV_X1Y2       PLLE2_ADV (Prop_plle2_adv_CLKIN1_CLKOUT0)
                                                     -2.659    -1.740 r  wizard_migcam/plle2_adv_inst/CLKOUT0
                         net (fo=1, routed)           0.560    -1.181    wizard_migcam/clk_100_cw_fast
    BUFGCTRL_X0Y19       BUFG (Prop_bufg_I_O)         0.029    -1.152 r  wizard_migcam/clkout1_buf/O
                         net (fo=1, routed)           0.898    -0.254    wizard_hdmi/clk_100
    MMCME2_ADV_X0Y0      MMCME2_ADV (Prop_mmcme2_adv_CLKIN1_CLKOUT0)
                                                     -1.625    -1.879 r  wizard_hdmi/mmcm_adv_inst/CLKOUT0
                         net (fo=1, routed)           0.700    -1.179    wizard_hdmi/clk_pixel_cw_hdmi
    BUFGCTRL_X0Y0        BUFG (Prop_bufg_I_O)         0.029    -1.150 r  wizard_hdmi/clkout1_buf/O
                         net (fo=481, routed)         0.872    -0.278    frame_buffer/U0/inst_blk_mem_gen/gnbram.gnativebmg.native_blk_mem_gen/valid.cstr/ramloop[3].ram.r/prim_noinit.ram/clka
    RAMB18_X1Y33         RAMB18E1                                     r  frame_buffer/U0/inst_blk_mem_gen/gnbram.gnativebmg.native_blk_mem_gen/valid.cstr/ramloop[3].ram.r/prim_noinit.ram/DEVICE_7SERIES.NO_BMM_INFO.TRUE_DP.SIMPLE_PRIM18.ram/CLKARDCLK
                         clock pessimism             -0.194    -0.472    
    RAMB18_X1Y33         RAMB18E1 (Hold_ramb18e1_CLKARDCLK_DIADI[2])
                                                      0.243    -0.229    frame_buffer/U0/inst_blk_mem_gen/gnbram.gnativebmg.native_blk_mem_gen/valid.cstr/ramloop[3].ram.r/prim_noinit.ram/DEVICE_7SERIES.NO_BMM_INFO.TRUE_DP.SIMPLE_PRIM18.ram
  -------------------------------------------------------------------
                         required time                          0.229    
                         arrival time                          -0.127    
  -------------------------------------------------------------------
                         slack                                  0.101    





Pulse Width Checks
--------------------------------------------------------------------------------------
Clock Name:         clk_pixel_cw_hdmi
Waveform(ns):       { 0.000 6.734 }
Period(ns):         13.468
Sources:            { wizard_hdmi/mmcm_adv_inst/CLKOUT0 }

Check Type        Corner  Lib Pin             Reference Pin  Required(ns)  Actual(ns)  Slack(ns)  Location         Pin
Min Period        n/a     DSP48E1/CLK         n/a            3.884         13.468      9.584      DSP48_X2Y37      rgbtoycrcb_m/cbg_reg/CLK
Max Period        n/a     MMCME2_ADV/CLKOUT0  n/a            213.360       13.468      199.892    MMCME2_ADV_X0Y0  wizard_hdmi/mmcm_adv_inst/CLKOUT0
Low Pulse Width   Slow    FDRE/C              n/a            0.500         6.734       6.234      SLICE_X67Y80     addra_reg[0]/C
High Pulse Width  Slow    FDRE/C              n/a            0.500         6.734       6.234      SLICE_X67Y80     addra_reg[0]/C



---------------------------------------------------------------------------------------------------
From Clock:  clkfbout_cw_hdmi
  To Clock:  clkfbout_cw_hdmi

Setup :           NA  Failing Endpoints,  Worst Slack           NA  ,  Total Violation           NA
Hold  :           NA  Failing Endpoints,  Worst Slack           NA  ,  Total Violation           NA
PW    :            0  Failing Endpoints,  Worst Slack       47.845ns,  Total Violation        0.000ns
---------------------------------------------------------------------------------------------------


Pulse Width Checks
--------------------------------------------------------------------------------------
Clock Name:         clkfbout_cw_hdmi
Waveform(ns):       { 0.000 25.000 }
Period(ns):         50.000
Sources:            { wizard_hdmi/mmcm_adv_inst/CLKFBOUT }

Check Type  Corner  Lib Pin             Reference Pin  Required(ns)  Actual(ns)  Slack(ns)  Location         Pin
Min Period  n/a     BUFG/I              n/a            2.155         50.000      47.845     BUFGCTRL_X0Y1    wizard_hdmi/clkf_buf/I
Max Period  n/a     MMCME2_ADV/CLKFBIN  n/a            100.000       50.000      50.000     MMCME2_ADV_X0Y0  wizard_hdmi/mmcm_adv_inst/CLKFBIN



---------------------------------------------------------------------------------------------------
From Clock:  clk_camera_cw_fast
  To Clock:  clk_camera_cw_fast

Setup :            0  Failing Endpoints,  Worst Slack        0.530ns,  Total Violation        0.000ns
Hold  :            0  Failing Endpoints,  Worst Slack        0.106ns,  Total Violation        0.000ns
PW    :            0  Failing Endpoints,  Worst Slack        2.000ns,  Total Violation        0.000ns
---------------------------------------------------------------------------------------------------


Max Delay Paths
--------------------------------------------------------------------------------------
Slack (MET) :             0.530ns  (required time - arrival time)
  Source:                 registers/BRAM_reg/CLKARDCLK
                            (rising edge-triggered cell RAMB18E1 clocked by clk_camera_cw_fast  {rise@0.000ns fall@2.500ns period=5.000ns})
  Destination:            crw/FSM_onehot_state_reg[5]/D
                            (rising edge-triggered cell FDRE clocked by clk_camera_cw_fast  {rise@0.000ns fall@2.500ns period=5.000ns})
  Path Group:             clk_camera_cw_fast
  Path Type:              Setup (Max at Slow Process Corner)
  Requirement:            5.000ns  (clk_camera_cw_fast rise@5.000ns - clk_camera_cw_fast rise@0.000ns)
  Data Path Delay:        4.475ns  (logic 1.497ns (33.455%)  route 2.978ns (66.545%))
  Logic Levels:           5  (LUT4=2 LUT5=1 LUT6=2)
  Clock Path Skew:        -0.003ns (DCD - SCD + CPR)
    Destination Clock Delay (DCD):    -1.954ns = ( 3.046 - 5.000 ) 
    Source Clock Delay      (SCD):    -2.380ns
    Clock Pessimism Removal (CPR):    -0.429ns
  Clock Uncertainty:      0.067ns  ((TSJ^2 + DJ^2)^1/2) / 2 + PE
    Total System Jitter     (TSJ):    0.071ns
    Discrete Jitter          (DJ):    0.113ns
    Phase Error              (PE):    0.000ns

    Location             Delay type                Incr(ns)  Path(ns)    Netlist Resource(s)
  -------------------------------------------------------------------    -------------------
                         (clock clk_camera_cw_fast rise edge)
                                                      0.000     0.000 r  
    E3                                                0.000     0.000 r  clk_100mhz (IN)
                         net (fo=0)                   0.000     0.000    wizard_migcam/clk_100mhz
    E3                   IBUF (Prop_ibuf_I_O)         1.482     1.482 r  wizard_migcam/clkin1_ibufg/O
                         net (fo=1, routed)           1.253     2.735    wizard_migcam/clk_in1_cw_fast
    PLLE2_ADV_X1Y2       PLLE2_ADV (Prop_plle2_adv_CLKIN1_CLKOUT2)
                                                     -8.591    -5.856 r  wizard_migcam/plle2_adv_inst/CLKOUT2
                         net (fo=1, routed)           1.713    -4.143    wizard_migcam/clk_camera_cw_fast
    BUFGCTRL_X0Y17       BUFG (Prop_bufg_I_O)         0.096    -4.047 r  wizard_migcam/clkout3_buf/O
                         net (fo=202, routed)         1.667    -2.380    registers/clk_camera
    RAMB18_X0Y44         RAMB18E1                                     r  registers/BRAM_reg/CLKARDCLK
  -------------------------------------------------------------------    -------------------
    RAMB18_X0Y44         RAMB18E1 (Prop_ramb18e1_CLKARDCLK_DOADO[15])
                                                      0.882    -1.498 r  registers/BRAM_reg/DOADO[15]
                         net (fo=2, routed)           0.998    -0.500    registers/bram_dout[15]
    SLICE_X9Y109         LUT4 (Prop_lut4_I0_O)        0.124    -0.376 r  registers/FSM_onehot_state[5]_i_7/O
                         net (fo=1, routed)           0.389     0.013    registers/FSM_onehot_state[5]_i_7_n_0
    SLICE_X7Y109         LUT5 (Prop_lut5_I4_O)        0.124     0.137 r  registers/FSM_onehot_state[5]_i_6/O
                         net (fo=1, routed)           0.403     0.541    registers/FSM_onehot_state[5]_i_6_n_0
    SLICE_X7Y109         LUT6 (Prop_lut6_I5_O)        0.124     0.665 r  registers/FSM_onehot_state[5]_i_4/O
                         net (fo=1, routed)           0.536     1.201    registers/FSM_onehot_state[5]_i_4_n_0
    SLICE_X8Y111         LUT6 (Prop_lut6_I5_O)        0.124     1.325 f  registers/FSM_onehot_state[5]_i_2/O
                         net (fo=2, routed)           0.651     1.976    crw/sccb_c/FSM_onehot_state_reg[1]_0
    SLICE_X7Y110         LUT4 (Prop_lut4_I0_O)        0.119     2.095 r  crw/sccb_c/FSM_onehot_state[5]_i_1/O
                         net (fo=1, routed)           0.000     2.095    crw/state__0[5]
    SLICE_X7Y110         FDRE                                         r  crw/FSM_onehot_state_reg[5]/D
  -------------------------------------------------------------------    -------------------

                         (clock clk_camera_cw_fast rise edge)
                                                      5.000     5.000 r  
    E3                                                0.000     5.000 r  clk_100mhz (IN)
                         net (fo=0)                   0.000     5.000    wizard_migcam/clk_100mhz
    E3                   IBUF (Prop_ibuf_I_O)         1.411     6.411 r  wizard_migcam/clkin1_ibufg/O
                         net (fo=1, routed)           1.181     7.592    wizard_migcam/clk_in1_cw_fast
    PLLE2_ADV_X1Y2       PLLE2_ADV (Prop_plle2_adv_CLKIN1_CLKOUT2)
                                                     -7.856    -0.264 r  wizard_migcam/plle2_adv_inst/CLKOUT2
                         net (fo=1, routed)           1.634     1.370    wizard_migcam/clk_camera_cw_fast
    BUFGCTRL_X0Y17       BUFG (Prop_bufg_I_O)         0.091     1.461 r  wizard_migcam/clkout3_buf/O
                         net (fo=202, routed)         1.585     3.046    crw/clk_camera
    SLICE_X7Y110         FDRE                                         r  crw/FSM_onehot_state_reg[5]/C
                         clock pessimism             -0.429     2.617    
                         clock uncertainty           -0.067     2.550    
    SLICE_X7Y110         FDRE (Setup_fdre_C_D)        0.075     2.625    crw/FSM_onehot_state_reg[5]
  -------------------------------------------------------------------
                         required time                          2.625    
                         arrival time                          -2.095    
  -------------------------------------------------------------------
                         slack                                  0.530    





Min Delay Paths
--------------------------------------------------------------------------------------
Slack (MET) :             0.106ns  (arrival time - required time)
  Source:                 crw/regpair_reg[12]/C
                            (rising edge-triggered cell FDRE clocked by clk_camera_cw_fast  {rise@0.000ns fall@2.500ns period=5.000ns})
  Destination:            crw/sccb_c/data_reg_reg[4]/D
                            (rising edge-triggered cell FDRE clocked by clk_camera_cw_fast  {rise@0.000ns fall@2.500ns period=5.000ns})
  Path Group:             clk_camera_cw_fast
  Path Type:              Hold (Min at Fast Process Corner)
  Requirement:            0.000ns  (clk_camera_cw_fast rise@0.000ns - clk_camera_cw_fast rise@0.000ns)
  Data Path Delay:        0.240ns  (logic 0.186ns (77.466%)  route 0.054ns (22.534%))
  Logic Levels:           1  (LUT6=1)
  Clock Path Skew:        0.013ns (DCD - SCD - CPR)
    Destination Clock Delay (DCD):    -0.286ns
    Source Clock Delay      (SCD):    -0.517ns
    Clock Pessimism Removal (CPR):    0.218ns

    Location             Delay type                Incr(ns)  Path(ns)    Netlist Resource(s)
  -------------------------------------------------------------------    -------------------
                         (clock clk_camera_cw_fast rise edge)
                                                      0.000     0.000 r  
    E3                                                0.000     0.000 r  clk_100mhz (IN)
                         net (fo=0)                   0.000     0.000    wizard_migcam/clk_100mhz
    E3                   IBUF (Prop_ibuf_I_O)         0.250     0.250 r  wizard_migcam/clkin1_ibufg/O
                         net (fo=1, routed)           0.440     0.690    wizard_migcam/clk_in1_cw_fast
    PLLE2_ADV_X1Y2       PLLE2_ADV (Prop_plle2_adv_CLKIN1_CLKOUT2)
                                                     -2.342    -1.652 r  wizard_migcam/plle2_adv_inst/CLKOUT2
                         net (fo=1, routed)           0.514    -1.138    wizard_migcam/clk_camera_cw_fast
    BUFGCTRL_X0Y17       BUFG (Prop_bufg_I_O)         0.026    -1.112 r  wizard_migcam/clkout3_buf/O
                         net (fo=202, routed)         0.595    -0.517    crw/clk_camera
    SLICE_X7Y111         FDRE                                         r  crw/regpair_reg[12]/C
  -------------------------------------------------------------------    -------------------
    SLICE_X7Y111         FDRE (Prop_fdre_C_Q)         0.141    -0.376 r  crw/regpair_reg[12]/Q
                         net (fo=1, routed)           0.054    -0.322    crw/sccb_c/in9[4]
    SLICE_X6Y111         LUT6 (Prop_lut6_I1_O)        0.045    -0.277 r  crw/sccb_c/data_reg[4]_i_1/O
                         net (fo=1, routed)           0.000    -0.277    crw/sccb_c/data_reg[4]_i_1_n_0
    SLICE_X6Y111         FDRE                                         r  crw/sccb_c/data_reg_reg[4]/D
  -------------------------------------------------------------------    -------------------

                         (clock clk_camera_cw_fast rise edge)
                                                      0.000     0.000 r  
    E3                                                0.000     0.000 r  clk_100mhz (IN)
                         net (fo=0)                   0.000     0.000    wizard_migcam/clk_100mhz
    E3                   IBUF (Prop_ibuf_I_O)         0.438     0.438 r  wizard_migcam/clkin1_ibufg/O
                         net (fo=1, routed)           0.481     0.919    wizard_migcam/clk_in1_cw_fast
    PLLE2_ADV_X1Y2       PLLE2_ADV (Prop_plle2_adv_CLKIN1_CLKOUT2)
                                                     -2.659    -1.740 r  wizard_migcam/plle2_adv_inst/CLKOUT2
                         net (fo=1, routed)           0.560    -1.181    wizard_migcam/clk_camera_cw_fast
    BUFGCTRL_X0Y17       BUFG (Prop_bufg_I_O)         0.029    -1.152 r  wizard_migcam/clkout3_buf/O
                         net (fo=202, routed)         0.866    -0.286    crw/sccb_c/clk_camera
    SLICE_X6Y111         FDRE                                         r  crw/sccb_c/data_reg_reg[4]/C
                         clock pessimism             -0.218    -0.504    
    SLICE_X6Y111         FDRE (Hold_fdre_C_D)         0.121    -0.383    crw/sccb_c/data_reg_reg[4]
  -------------------------------------------------------------------
                         required time                          0.383    
                         arrival time                          -0.277    
  -------------------------------------------------------------------
                         slack                                  0.106    





Pulse Width Checks
--------------------------------------------------------------------------------------
Clock Name:         clk_camera_cw_fast
Waveform(ns):       { 0.000 2.500 }
Period(ns):         5.000
Sources:            { wizard_migcam/plle2_adv_inst/CLKOUT2 }

Check Type        Corner  Lib Pin             Reference Pin  Required(ns)  Actual(ns)  Slack(ns)  Location        Pin
Min Period        n/a     RAMB18E1/CLKARDCLK  n/a            2.944         5.000       2.056      RAMB18_X0Y44    registers/BRAM_reg/CLKARDCLK
Max Period        n/a     PLLE2_ADV/CLKOUT2   n/a            160.000       5.000       155.000    PLLE2_ADV_X1Y2  wizard_migcam/plle2_adv_inst/CLKOUT2
Low Pulse Width   Slow    FDRE/C              n/a            0.500         2.500       2.000      SLICE_X62Y83    cam_hsync_buf_reg[0]/C
High Pulse Width  Slow    FDRE/C              n/a            0.500         2.500       2.000      SLICE_X62Y83    cam_hsync_buf_reg[0]/C



---------------------------------------------------------------------------------------------------
From Clock:  clk_xc_cw_fast
  To Clock:  clk_xc_cw_fast

Setup :           NA  Failing Endpoints,  Worst Slack           NA  ,  Total Violation           NA
Hold  :           NA  Failing Endpoints,  Worst Slack           NA  ,  Total Violation           NA
PW    :            0  Failing Endpoints,  Worst Slack       37.845ns,  Total Violation        0.000ns
---------------------------------------------------------------------------------------------------


Pulse Width Checks
--------------------------------------------------------------------------------------
Clock Name:         clk_xc_cw_fast
Waveform(ns):       { 0.000 20.000 }
Period(ns):         40.000
Sources:            { wizard_migcam/plle2_adv_inst/CLKOUT3 }

Check Type  Corner  Lib Pin            Reference Pin  Required(ns)  Actual(ns)  Slack(ns)  Location        Pin
Min Period  n/a     BUFG/I             n/a            2.155         40.000      37.845     BUFGCTRL_X0Y16  wizard_migcam/clkout4_buf/I
Max Period  n/a     PLLE2_ADV/CLKOUT3  n/a            160.000       40.000      120.000    PLLE2_ADV_X1Y2  wizard_migcam/plle2_adv_inst/CLKOUT3



---------------------------------------------------------------------------------------------------
From Clock:  clkfbout_cw_fast
  To Clock:  clkfbout_cw_fast

Setup :           NA  Failing Endpoints,  Worst Slack           NA  ,  Total Violation           NA
Hold  :           NA  Failing Endpoints,  Worst Slack           NA  ,  Total Violation           NA
PW    :            0  Failing Endpoints,  Worst Slack        7.845ns,  Total Violation        0.000ns
---------------------------------------------------------------------------------------------------


Pulse Width Checks
--------------------------------------------------------------------------------------
Clock Name:         clkfbout_cw_fast
Waveform(ns):       { 0.000 5.000 }
Period(ns):         10.000
Sources:            { wizard_migcam/plle2_adv_inst/CLKFBOUT }

Check Type  Corner  Lib Pin            Reference Pin  Required(ns)  Actual(ns)  Slack(ns)  Location        Pin
Min Period  n/a     BUFG/I             n/a            2.155         10.000      7.845      BUFGCTRL_X0Y18  wizard_migcam/clkf_buf/I
Max Period  n/a     PLLE2_ADV/CLKFBIN  n/a            52.633        10.000      42.633     PLLE2_ADV_X1Y2  wizard_migcam/plle2_adv_inst/CLKFBIN



---------------------------------------------------------------------------------------------------
From Clock:  clk_camera_cw_fast
  To Clock:  clk_pixel_cw_hdmi

Setup :           65  Failing Endpoints,  Worst Slack       -3.953ns,  Total Violation     -230.901ns
Hold  :            0  Failing Endpoints,  Worst Slack        0.060ns,  Total Violation        0.000ns
---------------------------------------------------------------------------------------------------


Max Delay Paths
--------------------------------------------------------------------------------------
Slack (VIOLATED) :        -3.953ns  (required time - arrival time)
  Source:                 nolabel_line114/pixel_vcount_out_reg[3]/C
                            (rising edge-triggered cell FDRE clocked by clk_camera_cw_fast  {rise@0.000ns fall@2.500ns period=5.000ns})
  Destination:            addra_reg[15]/D
                            (rising edge-triggered cell FDRE clocked by clk_pixel_cw_hdmi  {rise@0.000ns fall@6.734ns period=13.468ns})
  Path Group:             clk_pixel_cw_hdmi
  Path Type:              Setup (Max at Slow Process Corner)
  Requirement:            0.017ns  (clk_pixel_cw_hdmi rise@835.017ns - clk_camera_cw_fast rise@835.000ns)
  Data Path Delay:        3.312ns  (logic 1.377ns (41.580%)  route 1.935ns (58.420%))
  Logic Levels:           3  (CARRY4=3)
  Clock Path Skew:        -0.202ns (DCD - SCD + CPR)
    Destination Clock Delay (DCD):    -2.037ns = ( 832.980 - 835.017 ) 
    Source Clock Delay      (SCD):    -2.428ns = ( 832.572 - 835.000 ) 
    Clock Pessimism Removal (CPR):    -0.593ns
  Clock Uncertainty:      0.518ns  ((TSJ^2 + DJ^2)^1/2) / 2 + PE
    Total System Jitter     (TSJ):    0.071ns
    Discrete Jitter          (DJ):    0.340ns
    Phase Error              (PE):    0.345ns

    Location             Delay type                Incr(ns)  Path(ns)    Netlist Resource(s)
  -------------------------------------------------------------------    -------------------
                         (clock clk_camera_cw_fast rise edge)
                                                    835.000   835.000 r  
    E3                                                0.000   835.000 r  clk_100mhz (IN)
                         net (fo=0)                   0.000   835.000    wizard_migcam/clk_100mhz
    E3                   IBUF (Prop_ibuf_I_O)         1.482   836.482 r  wizard_migcam/clkin1_ibufg/O
                         net (fo=1, routed)           1.253   837.735    wizard_migcam/clk_in1_cw_fast
    PLLE2_ADV_X1Y2       PLLE2_ADV (Prop_plle2_adv_CLKIN1_CLKOUT2)
                                                     -8.591   829.144 r  wizard_migcam/plle2_adv_inst/CLKOUT2
                         net (fo=1, routed)           1.713   830.857    wizard_migcam/clk_camera_cw_fast
    BUFGCTRL_X0Y17       BUFG (Prop_bufg_I_O)         0.096   830.953 r  wizard_migcam/clkout3_buf/O
                         net (fo=202, routed)         1.619   832.572    nolabel_line114/clk_camera
    SLICE_X62Y79         FDRE                                         r  nolabel_line114/pixel_vcount_out_reg[3]/C
  -------------------------------------------------------------------    -------------------
    SLICE_X62Y79         FDRE (Prop_fdre_C_Q)         0.518   833.090 r  nolabel_line114/pixel_vcount_out_reg[3]/Q
                         net (fo=6, routed)           1.935   835.025    nolabel_line114/camera_vcount[3]
    SLICE_X63Y79         CARRY4 (Prop_carry4_S[2]_CO[3])
                                                      0.522   835.547 r  nolabel_line114/addra_reg[10]_i_1/CO[3]
                         net (fo=1, routed)           0.000   835.547    nolabel_line114/addra_reg[10]_i_1_n_0
    SLICE_X63Y80         CARRY4 (Prop_carry4_CI_CO[3])
                                                      0.114   835.661 r  nolabel_line114/addra_reg[14]_i_1/CO[3]
                         net (fo=1, routed)           0.000   835.661    nolabel_line114/addra_reg[14]_i_1_n_0
    SLICE_X63Y81         CARRY4 (Prop_carry4_CI_O[0])
                                                      0.223   835.884 r  nolabel_line114/addra_reg[15]_i_1/O[0]
                         net (fo=1, routed)           0.000   835.884    nolabel_line114_n_1
    SLICE_X63Y81         FDRE                                         r  addra_reg[15]/D
  -------------------------------------------------------------------    -------------------

                         (clock clk_pixel_cw_hdmi rise edge)
                                                    835.017   835.017 r  
    E3                                                0.000   835.017 r  clk_100mhz (IN)
                         net (fo=0)                   0.000   835.017    wizard_migcam/clk_100mhz
    E3                   IBUF (Prop_ibuf_I_O)         1.411   836.428 r  wizard_migcam/clkin1_ibufg/O
                         net (fo=1, routed)           1.181   837.609    wizard_migcam/clk_in1_cw_fast
    PLLE2_ADV_X1Y2       PLLE2_ADV (Prop_plle2_adv_CLKIN1_CLKOUT0)
                                                     -7.856   829.753 r  wizard_migcam/plle2_adv_inst/CLKOUT0
                         net (fo=1, routed)           1.634   831.387    wizard_migcam/clk_100_cw_fast
    BUFGCTRL_X0Y19       BUFG (Prop_bufg_I_O)         0.091   831.478 r  wizard_migcam/clkout1_buf/O
                         net (fo=1, routed)           1.683   833.161    wizard_hdmi/clk_100
    MMCME2_ADV_X0Y0      MMCME2_ADV (Prop_mmcme2_adv_CLKIN1_CLKOUT0)
                                                     -3.694   829.467 r  wizard_hdmi/mmcm_adv_inst/CLKOUT0
                         net (fo=1, routed)           1.923   831.390    wizard_hdmi/clk_pixel_cw_hdmi
    BUFGCTRL_X0Y0        BUFG (Prop_bufg_I_O)         0.091   831.481 r  wizard_hdmi/clkout1_buf/O
                         net (fo=481, routed)         1.498   832.980    clk_pixel
    SLICE_X63Y81         FDRE                                         r  addra_reg[15]/C
                         clock pessimism             -0.593   832.387    
                         clock uncertainty           -0.518   831.869    
    SLICE_X63Y81         FDRE (Setup_fdre_C_D)        0.062   831.931    addra_reg[15]
  -------------------------------------------------------------------
                         required time                        831.931    
                         arrival time                        -835.884    
  -------------------------------------------------------------------
                         slack                                 -3.953    





Min Delay Paths
--------------------------------------------------------------------------------------
Slack (MET) :             0.060ns  (arrival time - required time)
  Source:                 nolabel_line114/pixel_hcount_out_reg[10]/C
                            (rising edge-triggered cell FDRE clocked by clk_camera_cw_fast  {rise@0.000ns fall@2.500ns period=5.000ns})
  Destination:            addra_reg[8]/D
                            (rising edge-triggered cell FDRE clocked by clk_pixel_cw_hdmi  {rise@0.000ns fall@6.734ns period=13.468ns})
  Path Group:             clk_pixel_cw_hdmi
  Path Type:              Hold (Min at Fast Process Corner)
  Requirement:            0.000ns  (clk_pixel_cw_hdmi rise@0.000ns - clk_camera_cw_fast rise@0.000ns)
  Data Path Delay:        1.002ns  (logic 0.274ns (27.348%)  route 0.728ns (72.652%))
  Logic Levels:           2  (CARRY4=1 LUT2=1)
  Clock Path Skew:        0.319ns (DCD - SCD - CPR)
    Destination Clock Delay (DCD):    -0.324ns
    Source Clock Delay      (SCD):    -0.554ns
    Clock Pessimism Removal (CPR):    -0.089ns
  Clock Uncertainty:      0.518ns  ((TSJ^2 + DJ^2)^1/2) / 2 + PE
    Total System Jitter     (TSJ):    0.071ns
    Discrete Jitter          (DJ):    0.340ns
    Phase Error              (PE):    0.345ns

    Location             Delay type                Incr(ns)  Path(ns)    Netlist Resource(s)
  -------------------------------------------------------------------    -------------------
                         (clock clk_camera_cw_fast rise edge)
                                                      0.000     0.000 r  
    E3                                                0.000     0.000 r  clk_100mhz (IN)
                         net (fo=0)                   0.000     0.000    wizard_migcam/clk_100mhz
    E3                   IBUF (Prop_ibuf_I_O)         0.250     0.250 r  wizard_migcam/clkin1_ibufg/O
                         net (fo=1, routed)           0.440     0.690    wizard_migcam/clk_in1_cw_fast
    PLLE2_ADV_X1Y2       PLLE2_ADV (Prop_plle2_adv_CLKIN1_CLKOUT2)
                                                     -2.342    -1.652 r  wizard_migcam/plle2_adv_inst/CLKOUT2
                         net (fo=1, routed)           0.514    -1.138    wizard_migcam/clk_camera_cw_fast
    BUFGCTRL_X0Y17       BUFG (Prop_bufg_I_O)         0.026    -1.112 r  wizard_migcam/clkout3_buf/O
                         net (fo=202, routed)         0.558    -0.554    nolabel_line114/clk_camera
    SLICE_X62Y78         FDRE                                         r  nolabel_line114/pixel_hcount_out_reg[10]/C
  -------------------------------------------------------------------    -------------------
    SLICE_X62Y78         FDRE (Prop_fdre_C_Q)         0.164    -0.390 r  nolabel_line114/pixel_hcount_out_reg[10]/Q
                         net (fo=2, routed)           0.728     0.338    nolabel_line114/camera_hcount[10]
    SLICE_X63Y79         LUT2 (Prop_lut2_I0_O)        0.045     0.383 r  nolabel_line114/addra[10]_i_2/O
                         net (fo=1, routed)           0.000     0.383    nolabel_line114/addra[10]_i_2_n_0
    SLICE_X63Y79         CARRY4 (Prop_carry4_S[1]_O[1])
                                                      0.065     0.448 r  nolabel_line114/addra_reg[10]_i_1/O[1]
                         net (fo=1, routed)           0.000     0.448    nolabel_line114_n_8
    SLICE_X63Y79         FDRE                                         r  addra_reg[8]/D
  -------------------------------------------------------------------    -------------------

                         (clock clk_pixel_cw_hdmi rise edge)
                                                      0.000     0.000 r  
    E3                                                0.000     0.000 r  clk_100mhz (IN)
                         net (fo=0)                   0.000     0.000    wizard_migcam/clk_100mhz
    E3                   IBUF (Prop_ibuf_I_O)         0.438     0.438 r  wizard_migcam/clkin1_ibufg/O
                         net (fo=1, routed)           0.481     0.919    wizard_migcam/clk_in1_cw_fast
    PLLE2_ADV_X1Y2       PLLE2_ADV (Prop_plle2_adv_CLKIN1_CLKOUT0)
                                                     -2.659    -1.740 r  wizard_migcam/plle2_adv_inst/CLKOUT0
                         net (fo=1, routed)           0.560    -1.181    wizard_migcam/clk_100_cw_fast
    BUFGCTRL_X0Y19       BUFG (Prop_bufg_I_O)         0.029    -1.152 r  wizard_migcam/clkout1_buf/O
                         net (fo=1, routed)           0.898    -0.254    wizard_hdmi/clk_100
    MMCME2_ADV_X0Y0      MMCME2_ADV (Prop_mmcme2_adv_CLKIN1_CLKOUT0)
                                                     -1.625    -1.879 r  wizard_hdmi/mmcm_adv_inst/CLKOUT0
                         net (fo=1, routed)           0.700    -1.179    wizard_hdmi/clk_pixel_cw_hdmi
    BUFGCTRL_X0Y0        BUFG (Prop_bufg_I_O)         0.029    -1.150 r  wizard_hdmi/clkout1_buf/O
                         net (fo=481, routed)         0.826    -0.324    clk_pixel
    SLICE_X63Y79         FDRE                                         r  addra_reg[8]/C
                         clock pessimism              0.089    -0.236    
                         clock uncertainty            0.518     0.283    
    SLICE_X63Y79         FDRE (Hold_fdre_C_D)         0.105     0.388    addra_reg[8]
  -------------------------------------------------------------------
                         required time                         -0.388    
                         arrival time                           0.448    
  -------------------------------------------------------------------
                         slack                                  0.060    





