Copyright 1986-2022 Xilinx, Inc. All Rights Reserved. Copyright 2022-2024 Advanced Micro Devices, Inc. All Rights Reserved.
---------------------------------------------------------------------------------------------------------------------------------------------
| Tool Version : Vivado v.2024.1 (lin64) Build 5076996 Wed May 22 18:36:09 MDT 2024
| Date         : Mon Dec  9 12:28:06 2024
| Host         : eecs-digital-44 running 64-bit Ubuntu 24.04.1 LTS
| Command      : report_timing -file obj/post_synth_timing.rpt
| Design       : top_level
| Device       : 7a100t-csg324
| Speed File   : -1  PRODUCTION 1.23 2018-06-13
| Design State : Synthesized
---------------------------------------------------------------------------------------------------------------------------------------------

Timing Report

Slack (MET) :             0.150ns  (required time - arrival time)
  Source:                 crw/FSM_onehot_state_reg[1]/C
                            (rising edge-triggered cell FDRE clocked by clk_camera_cw_fast  {rise@0.000ns fall@2.500ns period=5.000ns})
  Destination:            crw/sccb_c/data_reg_reg[0]/R
                            (rising edge-triggered cell FDRE clocked by clk_camera_cw_fast  {rise@0.000ns fall@2.500ns period=5.000ns})
  Path Group:             clk_camera_cw_fast
  Path Type:              Setup (Max at Slow Process Corner)
  Requirement:            5.000ns  (clk_camera_cw_fast rise@5.000ns - clk_camera_cw_fast rise@0.000ns)
  Data Path Delay:        4.081ns  (logic 1.145ns (28.057%)  route 2.936ns (71.943%))
  Logic Levels:           4  (LUT2=1 LUT5=2 LUT6=1)
  Clock Path Skew:        -0.145ns (DCD - SCD + CPR)
    Destination Clock Delay (DCD):    -2.753ns = ( 2.247 - 5.000 ) 
    Source Clock Delay      (SCD):    -3.066ns
    Clock Pessimism Removal (CPR):    -0.458ns
  Clock Uncertainty:      0.067ns  ((TSJ^2 + DJ^2)^1/2) / 2 + PE
    Total System Jitter     (TSJ):    0.071ns
    Discrete Jitter          (DJ):    0.113ns
    Phase Error              (PE):    0.000ns

    Location             Delay type                Incr(ns)  Path(ns)    Netlist Resource(s)
  -------------------------------------------------------------------    -------------------
                         (clock clk_camera_cw_fast rise edge)
                                                      0.000     0.000 r  
    E3                                                0.000     0.000 r  clk_100mhz (IN)
                         net (fo=0)                   0.000     0.000    wizard_migcam/clk_100mhz
    E3                   IBUF (Prop_ibuf_I_O)         1.482     1.482 r  wizard_migcam/clkin1_ibufg/O
                         net (fo=1, unplaced)         0.584     2.066    wizard_migcam/clk_in1_cw_fast
                         PLLE2_ADV (Prop_plle2_adv_CLKIN1_CLKOUT2)
                                                     -6.615    -4.549 r  wizard_migcam/plle2_adv_inst/CLKOUT2
                         net (fo=1, unplaced)         0.803    -3.746    wizard_migcam/clk_camera_cw_fast
                         BUFG (Prop_bufg_I_O)         0.096    -3.650 r  wizard_migcam/clkout3_buf/O
                         net (fo=275, unplaced)       0.584    -3.066    crw/clk_camera
                         FDRE                                         r  crw/FSM_onehot_state_reg[1]/C
  -------------------------------------------------------------------    -------------------
                         FDRE (Prop_fdre_C_Q)         0.478    -2.588 f  crw/FSM_onehot_state_reg[1]/Q
                         net (fo=11, unplaced)        0.852    -1.736    crw/sccb_c/Q[1]
                         LUT5 (Prop_lut5_I0_O)        0.295    -1.441 r  crw/sccb_c/FSM_onehot_state[8]_i_3/O
                         net (fo=4, unplaced)         0.473    -0.968    crw/sccb_c/FSM_onehot_state_reg[1]
                         LUT5 (Prop_lut5_I4_O)        0.124    -0.844 r  crw/sccb_c/FSM_onehot_state_reg[8]_i_2/O
                         net (fo=4, unplaced)         0.473    -0.371    crw/sccb_c/FSM_onehot_state_reg[8]_i_2_n_0
                         LUT6 (Prop_lut6_I4_O)        0.124    -0.247 r  crw/sccb_c/data_reg[7]_i_2/O
                         net (fo=10, unplaced)        0.492     0.245    crw/sccb_c/data_reg[7]_i_2_n_0
                         LUT2 (Prop_lut2_I0_O)        0.124     0.369 r  crw/sccb_c/data_reg[7]_i_1/O
                         net (fo=8, unplaced)         0.646     1.015    crw/sccb_c/data_reg[7]_i_1_n_0
                         FDRE                                         r  crw/sccb_c/data_reg_reg[0]/R
  -------------------------------------------------------------------    -------------------

                         (clock clk_camera_cw_fast rise edge)
                                                      5.000     5.000 r  
    E3                                                0.000     5.000 r  clk_100mhz (IN)
                         net (fo=0)                   0.000     5.000    wizard_migcam/clk_100mhz
    E3                   IBUF (Prop_ibuf_I_O)         1.411     6.411 r  wizard_migcam/clkin1_ibufg/O
                         net (fo=1, unplaced)         0.439     6.850    wizard_migcam/clk_in1_cw_fast
                         PLLE2_ADV (Prop_plle2_adv_CLKIN1_CLKOUT2)
                                                     -5.896     0.955 r  wizard_migcam/plle2_adv_inst/CLKOUT2
                         net (fo=1, unplaced)         0.763     1.717    wizard_migcam/clk_camera_cw_fast
                         BUFG (Prop_bufg_I_O)         0.091     1.808 r  wizard_migcam/clkout3_buf/O
                         net (fo=275, unplaced)       0.439     2.247    crw/sccb_c/clk_camera
                         FDRE                                         r  crw/sccb_c/data_reg_reg[0]/C
                         clock pessimism             -0.458     1.789    
                         clock uncertainty           -0.067     1.722    
                         FDRE (Setup_fdre_C_R)       -0.557     1.165    crw/sccb_c/data_reg_reg[0]
  -------------------------------------------------------------------
                         required time                          1.165    
                         arrival time                          -1.015    
  -------------------------------------------------------------------
                         slack                                  0.150    




