Copyright 1986-2022 Xilinx, Inc. All Rights Reserved. Copyright 2022-2024 Advanced Micro Devices, Inc. All Rights Reserved.
-------------------------------------------------------------------------------------------------------------------------------------------------
| Tool Version     : Vivado v.2024.1 (lin64) Build 5076996 Wed May 22 18:36:09 MDT 2024
| Date             : Wed Dec 11 00:39:29 2024
| Host             : eecs-digital-07 running 64-bit Ubuntu 24.04.1 LTS
| Command          : report_power -file obj/post_route_power.rpt
| Design           : top_level
| Device           : xc7a100tcsg324-1
| Design State     : routed
| Grade            : commercial
| Process          : typical
| Characterization : Production
-------------------------------------------------------------------------------------------------------------------------------------------------

Power Report

Table of Contents
-----------------
1. Summary
1.1 On-Chip Components
1.2 Power Supply Summary
1.3 Confidence Level
2. Settings
2.1 Environment
2.2 Clock Constraints
3. Detailed Reports
3.1 By Hierarchy

1. Summary
----------

+--------------------------+--------------+
| Total On-Chip Power (W)  | 0.838        |
| Design Power Budget (W)  | Unspecified* |
| Power Budget Margin (W)  | NA           |
| Dynamic (W)              | 0.737        |
| Device Static (W)        | 0.101        |
| Effective TJA (C/W)      | 4.6          |
| Max Ambient (C)          | 81.2         |
| Junction Temperature (C) | 28.8         |
| Confidence Level         | Medium       |
| Setting File             | ---          |
| Simulation Activity File | ---          |
| Design Nets Matched      | NA           |
+--------------------------+--------------+
* Specify Design Power Budget using, set_operating_conditions -design_power_budget <value in Watts>


1.1 On-Chip Components
----------------------

+-------------------------+-----------+----------+-----------+-----------------+
| On-Chip                 | Power (W) | Used     | Available | Utilization (%) |
+-------------------------+-----------+----------+-----------+-----------------+
| Clocks                  |     0.128 |        7 |       --- |             --- |
| Slice Logic             |     0.129 |   109820 |       --- |             --- |
|   LUT as Logic          |     0.102 |    28738 |     63400 |           45.33 |
|   Register              |     0.014 |    54423 |    126800 |           42.92 |
|   LUT as Shift Register |     0.007 |     3111 |     19000 |           16.37 |
|   CARRY4                |     0.006 |     3302 |     15850 |           20.83 |
|   F7/F8 Muxes           |    <0.001 |       86 |     63400 |            0.14 |
|   Others                |     0.000 |     9603 |       --- |             --- |
| Signals                 |     0.167 |    72715 |       --- |             --- |
| Block RAM               |     0.050 |       39 |       135 |           28.89 |
| MMCM                    |     0.104 |        1 |         6 |           16.67 |
| PLL                     |     0.101 |        1 |         6 |           16.67 |
| DSPs                    |     0.056 |      178 |       240 |           74.17 |
| I/O                     |     0.001 |       32 |       210 |           15.24 |
| Static Power            |     0.101 |          |           |                 |
| Total                   |     0.838 |          |           |                 |
+-------------------------+-----------+----------+-----------+-----------------+


1.2 Power Supply Summary
------------------------

+-----------+-------------+-----------+-------------+------------+-------------+-------------+------------+
| Source    | Voltage (V) | Total (A) | Dynamic (A) | Static (A) | Powerup (A) | Budget (A)  | Margin (A) |
+-----------+-------------+-----------+-------------+------------+-------------+-------------+------------+
| Vccint    |       1.000 |     0.551 |       0.533 |      0.018 |       NA    | Unspecified | NA         |
| Vccaux    |       1.800 |     0.129 |       0.111 |      0.018 |       NA    | Unspecified | NA         |
| Vcco33    |       3.300 |     0.004 |       0.000 |      0.004 |       NA    | Unspecified | NA         |
| Vcco25    |       2.500 |     0.000 |       0.000 |      0.000 |       NA    | Unspecified | NA         |
| Vcco18    |       1.800 |     0.000 |       0.000 |      0.000 |       NA    | Unspecified | NA         |
| Vcco15    |       1.500 |     0.000 |       0.000 |      0.000 |       NA    | Unspecified | NA         |
| Vcco135   |       1.350 |     0.000 |       0.000 |      0.000 |       NA    | Unspecified | NA         |
| Vcco12    |       1.200 |     0.000 |       0.000 |      0.000 |       NA    | Unspecified | NA         |
| Vccaux_io |       1.800 |     0.000 |       0.000 |      0.000 |       NA    | Unspecified | NA         |
| Vccbram   |       1.000 |     0.005 |       0.004 |      0.001 |       NA    | Unspecified | NA         |
| MGTAVcc   |       1.000 |     0.000 |       0.000 |      0.000 |       NA    | Unspecified | NA         |
| MGTAVtt   |       1.200 |     0.000 |       0.000 |      0.000 |       NA    | Unspecified | NA         |
| Vccadc    |       1.800 |     0.020 |       0.000 |      0.020 |       NA    | Unspecified | NA         |
+-----------+-------------+-----------+-------------+------------+-------------+-------------+------------+


1.3 Confidence Level
--------------------

+-----------------------------+------------+-------------------------------------------------------+------------------------------------------------------------------------------------------------------------+
| User Input Data             | Confidence | Details                                               | Action                                                                                                     |
+-----------------------------+------------+-------------------------------------------------------+------------------------------------------------------------------------------------------------------------+
| Design implementation state | High       | Design is routed                                      |                                                                                                            |
| Clock nodes activity        | High       | User specified more than 95% of clocks                |                                                                                                            |
| I/O nodes activity          | Medium     | More than 5% of inputs are missing user specification | Provide missing input activity with simulation results or by editing the "By Resource Type -> I/Os" view   |
| Internal nodes activity     | Medium     | User specified less than 25% of internal nodes        | Provide missing internal nodes activity with simulation results or by editing the "By Resource Type" views |
| Device models               | High       | Device models are Production                          |                                                                                                            |
|                             |            |                                                       |                                                                                                            |
| Overall confidence level    | Medium     |                                                       |                                                                                                            |
+-----------------------------+------------+-------------------------------------------------------+------------------------------------------------------------------------------------------------------------+


2. Settings
-----------

2.1 Environment
---------------

+-----------------------+--------------------------+
| Ambient Temp (C)      | 25.0                     |
| ThetaJA (C/W)         | 4.6                      |
| Airflow (LFM)         | 250                      |
| Heat Sink             | medium (Medium Profile)  |
| ThetaSA (C/W)         | 4.6                      |
| Board Selection       | medium (10"x10")         |
| # of Board Layers     | 12to15 (12 to 15 Layers) |
| Board Temperature (C) | 25.0                     |
+-----------------------+--------------------------+


2.2 Clock Constraints
---------------------

+-------------------+--------------------------------+-----------------+
| Clock             | Domain                         | Constraint (ns) |
+-------------------+--------------------------------+-----------------+
| clk_100_cw_fast   | wizard_migcam/clk_100_cw_fast  |            10.0 |
| clk_pixel_cw_hdmi | wizard_hdmi/clk_pixel_cw_hdmi  |            13.5 |
| clkfbout_cw_fast  | wizard_migcam/clkfbout_cw_fast |            10.0 |
| clkfbout_cw_hdmi  | wizard_hdmi/clkfbout_cw_hdmi   |            50.0 |
| sys_clk_pin       | CLK100MHZ                      |            10.0 |
+-------------------+--------------------------------+-----------------+


3. Detailed Reports
-------------------

3.1 By Hierarchy
----------------

+----------------------------+-----------+
| Name                       | Power (W) |
+----------------------------+-----------+
| top_level                  |     0.737 |
|   coll                     |     0.002 |
|   convert_ball_x           |     0.002 |
|     inst                   |     0.002 |
|       i_synth              |     0.002 |
|   convert_ball_y           |     0.002 |
|     inst                   |     0.002 |
|       i_synth              |     0.002 |
|   full_render              |     0.446 |
|     check_objects          |     0.368 |
|       hp                   |     0.112 |
|       pipe_hit_normal      |     0.005 |
|       pipe_obj_idx1        |     0.002 |
|       pipe_obj_idx2        |     0.002 |
|       pipe_ray             |     0.002 |
|       pipe_t               |     0.002 |
|       r_intersect          |     0.207 |
|       ram                  |     0.016 |
|       t_argmin             |     0.016 |
|     lam                    |     0.060 |
|       color                |     0.011 |
|       dot                  |     0.024 |
|       light_dir            |     0.012 |
|       pipe_normal          |     0.003 |
|       pixel                |     0.010 |
|     pipe_vcount2           |     0.005 |
|     rfp                    |     0.012 |
|       px                   |     0.005 |
|       py                   |     0.005 |
|   genblk1[0].convert_pin_x |     0.002 |
|     inst                   |     0.002 |
|       i_synth              |     0.002 |
|   genblk1[0].convert_pin_y |     0.002 |
|     inst                   |     0.002 |
|       i_synth              |     0.002 |
|   genblk1[1].convert_pin_x |     0.002 |
|     inst                   |     0.002 |
|       i_synth              |     0.002 |
|   genblk1[1].convert_pin_y |     0.002 |
|     inst                   |     0.002 |
|       i_synth              |     0.002 |
|   genblk1[2].convert_pin_x |     0.002 |
|     inst                   |     0.002 |
|       i_synth              |     0.002 |
|   genblk1[2].convert_pin_y |     0.002 |
|     inst                   |     0.002 |
|       i_synth              |     0.002 |
|   genblk1[3].convert_pin_x |     0.002 |
|     inst                   |     0.002 |
|       i_synth              |     0.002 |
|   genblk1[3].convert_pin_y |     0.002 |
|     inst                   |     0.002 |
|       i_synth              |     0.002 |
|   genblk1[4].convert_pin_x |     0.002 |
|     inst                   |     0.002 |
|       i_synth              |     0.002 |
|   genblk1[4].convert_pin_y |     0.002 |
|     inst                   |     0.002 |
|       i_synth              |     0.002 |
|   genblk1[5].convert_pin_x |     0.002 |
|     inst                   |     0.002 |
|       i_synth              |     0.002 |
|   genblk1[5].convert_pin_y |     0.002 |
|     inst                   |     0.002 |
|       i_synth              |     0.002 |
|   genblk1[6].convert_pin_x |     0.002 |
|     inst                   |     0.002 |
|       i_synth              |     0.002 |
|   genblk1[6].convert_pin_y |     0.002 |
|     inst                   |     0.002 |
|       i_synth              |     0.002 |
|   genblk1[7].convert_pin_x |     0.002 |
|     inst                   |     0.002 |
|       i_synth              |     0.002 |
|   genblk1[7].convert_pin_y |     0.002 |
|     inst                   |     0.002 |
|       i_synth              |     0.002 |
|   genblk1[8].convert_pin_x |     0.002 |
|     inst                   |     0.002 |
|       i_synth              |     0.002 |
|   genblk1[8].convert_pin_y |     0.002 |
|     inst                   |     0.002 |
|       i_synth              |     0.002 |
|   genblk1[9].convert_pin_x |     0.002 |
|     inst                   |     0.002 |
|       i_synth              |     0.002 |
|   genblk1[9].convert_pin_y |     0.002 |
|     inst                   |     0.002 |
|       i_synth              |     0.002 |
|   pins                     |     0.001 |
|   renderer_buffer          |     0.036 |
|   vsg                      |     0.001 |
|   wizard_hdmi              |     0.104 |
|   wizard_migcam            |     0.101 |
+----------------------------+-----------+


