Copyright 1986-2022 Xilinx, Inc. All Rights Reserved. Copyright 2022-2024 Advanced Micro Devices, Inc. All Rights Reserved.
---------------------------------------------------------------------------------------------------------------------------------------------
| Tool Version : Vivado v.2024.1 (lin64) Build 5076996 Wed May 22 18:36:09 MDT 2024
| Date         : Thu Oct 24 12:44:36 2024
| Host         : eecs-digital-29 running 64-bit Ubuntu 24.04.1 LTS
| Command      : report_utilization -file obj/post_synth_util.rpt -hierarchical -hierarchical_depth 4
| Design       : top_level
| Device       : xc7s50csga324-1
| Speed File   : -1
| Design State : Synthesized
---------------------------------------------------------------------------------------------------------------------------------------------

Utilization Design Information

Table of Contents
-----------------
1. Utilization by Hierarchy

1. Utilization by Hierarchy
---------------------------

+----------------------------------------------+-----------------------------------------------------------------+------------+------------+---------+------+------+--------+--------+------------+
|                   Instance                   |                              Module                             | Total LUTs | Logic LUTs | LUTRAMs | SRLs |  FFs | RAMB36 | RAMB18 | DSP Blocks |
+----------------------------------------------+-----------------------------------------------------------------+------------+------------+---------+------+------+--------+--------+------------+
| top_level                                    |                                                           (top) |       2773 |       2773 |       0 |    0 | 2325 |     29 |     37 |          8 |
|   (top_level)                                |                                                           (top) |          0 |          0 |       0 |    0 |  150 |      0 |      0 |          1 |
|   blue_ser                                   |                                                 tmds_serializer |          0 |          0 |       0 |    0 |    0 |      0 |      0 |          0 |
|   cdc_fifo                                   |                                                            fifo |         39 |         39 |       0 |    0 |   82 |      1 |      0 |          0 |
|     (cdc_fifo)                               |                                                            fifo |          0 |          0 |       0 |    0 |    0 |      0 |      0 |          0 |
|     U0                                       |                                         fifo_generator_v13_2_10 |         39 |         39 |       0 |    0 |   82 |      1 |      0 |          0 |
|       (U0)                                   |                                         fifo_generator_v13_2_10 |          0 |          0 |       0 |    0 |    0 |      0 |      0 |          0 |
|       inst_fifo_gen                          |                                   fifo_generator_v13_2_10_synth |         39 |         39 |       0 |    0 |   82 |      1 |      0 |          0 |
|         gconvfifo.rf                         |                                              fifo_generator_top |         39 |         39 |       0 |    0 |   82 |      1 |      0 |          0 |
|   com_m                                      |                                                  center_of_mass |        191 |        191 |       0 |    0 |  296 |      0 |      0 |          0 |
|     (com_m)                                  |                                                  center_of_mass |         38 |         38 |       0 |    0 |  122 |      0 |      0 |          0 |
|     x_div                                    |                                                         divider |         77 |         77 |       0 |    0 |   88 |      0 |      0 |          0 |
|     y_div                                    |                                                      divider_41 |         76 |         76 |       0 |    0 |   86 |      0 |      0 |          0 |
|   crw                                        |                                                camera_registers |        106 |        106 |       0 |    0 |  104 |      0 |      0 |          0 |
|     (crw)                                    |                                                camera_registers |          8 |          8 |       0 |    0 |   42 |      0 |      0 |          0 |
|     aia                                      |                                                  addr_increment |          8 |          8 |       0 |    0 |    9 |      0 |      0 |          0 |
|     sccb_c                                   |                                                      i2c_master |         90 |         90 |       0 |    0 |   53 |      0 |      0 |          0 |
|   ds_lbuff                                   |                                                     line_buffer |         60 |         60 |       0 |    0 |   42 |      0 |      4 |          0 |
|     (ds_lbuff)                               |                                                     line_buffer |         39 |         39 |       0 |    0 |   42 |      0 |      0 |          0 |
|     genblk1[0].ram                           |                 xilinx_true_dual_port_read_first_2_clock_ram_37 |          2 |          2 |       0 |    0 |    0 |      0 |      1 |          0 |
|     genblk1[1].ram                           |                 xilinx_true_dual_port_read_first_2_clock_ram_38 |         17 |         17 |       0 |    0 |    0 |      0 |      1 |          0 |
|     genblk1[2].ram                           |                 xilinx_true_dual_port_read_first_2_clock_ram_39 |          1 |          1 |       0 |    0 |    0 |      0 |      1 |          0 |
|     genblk1[3].ram                           |                 xilinx_true_dual_port_read_first_2_clock_ram_40 |          1 |          1 |       0 |    0 |    0 |      0 |      1 |          0 |
|   filtern                                    |                                          filter__parameterized5 |        261 |        261 |       0 |    0 |  273 |      4 |      0 |          0 |
|     m_lbuff                                  |                                     line_buffer__parameterized0 |         69 |         69 |       0 |    0 |   46 |      4 |      0 |          0 |
|       (m_lbuff)                              |                                     line_buffer__parameterized0 |         17 |         17 |       0 |    0 |   46 |      0 |      0 |          0 |
|       genblk1[0].ram                         |    xilinx_true_dual_port_read_first_2_clock_ram__parameterized0 |         17 |         17 |       0 |    0 |    0 |      1 |      0 |          0 |
|       genblk1[1].ram                         | xilinx_true_dual_port_read_first_2_clock_ram__parameterized0_34 |          1 |          1 |       0 |    0 |    0 |      1 |      0 |          0 |
|       genblk1[2].ram                         | xilinx_true_dual_port_read_first_2_clock_ram__parameterized0_35 |         17 |         17 |       0 |    0 |    0 |      1 |      0 |          0 |
|       genblk1[3].ram                         | xilinx_true_dual_port_read_first_2_clock_ram__parameterized0_36 |         17 |         17 |       0 |    0 |    0 |      1 |      0 |          0 |
|     mconv                                    |                                  convolution__parameterized0_33 |        192 |        192 |       0 |    0 |  227 |      0 |      0 |          0 |
|   frame_buffer                               |                                                   blk_mem_gen_0 |        122 |        122 |       0 |    0 |   20 |     24 |      8 |          0 |
|     (frame_buffer)                           |                                                   blk_mem_gen_0 |          0 |          0 |       0 |    0 |    0 |      0 |      0 |          0 |
|     U0                                       |                                 blk_mem_gen_0blk_mem_gen_v8_4_8 |        122 |        122 |       0 |    0 |   20 |     24 |      8 |          0 |
|       (U0)                                   |                                 blk_mem_gen_0blk_mem_gen_v8_4_8 |          0 |          0 |       0 |    0 |    0 |      0 |      0 |          0 |
|       inst_blk_mem_gen                       |                           blk_mem_gen_0blk_mem_gen_v8_4_8_synth |        122 |        122 |       0 |    0 |   20 |     24 |      8 |          0 |
|         gnbram.gnativebmg.native_blk_mem_gen |                                    blk_mem_gen_0blk_mem_gen_top |        122 |        122 |       0 |    0 |   20 |     24 |      8 |          0 |
|   genblk1[0].filterm                         |                                                          filter |         33 |         33 |       0 |    0 |  136 |      0 |      4 |          0 |
|     m_lbuff                                  |                                                  line_buffer_28 |         32 |         32 |       0 |    0 |   41 |      0 |      4 |          0 |
|       (m_lbuff)                              |                                                  line_buffer_28 |         12 |         12 |       0 |    0 |   41 |      0 |      0 |          0 |
|       genblk1[0].ram                         |                 xilinx_true_dual_port_read_first_2_clock_ram_29 |          1 |          1 |       0 |    0 |    0 |      0 |      1 |          0 |
|       genblk1[1].ram                         |                 xilinx_true_dual_port_read_first_2_clock_ram_30 |         17 |         17 |       0 |    0 |    0 |      0 |      1 |          0 |
|       genblk1[2].ram                         |                 xilinx_true_dual_port_read_first_2_clock_ram_31 |          1 |          1 |       0 |    0 |    0 |      0 |      1 |          0 |
|       genblk1[3].ram                         |                 xilinx_true_dual_port_read_first_2_clock_ram_32 |          1 |          1 |       0 |    0 |    0 |      0 |      1 |          0 |
|     mconv                                    |                                                     convolution |          1 |          1 |       0 |    0 |   95 |      0 |      0 |          0 |
|   genblk1[1].filterm                         |                                          filter__parameterized0 |        226 |        226 |       0 |    0 |  199 |      0 |      4 |          0 |
|     m_lbuff                                  |                                                  line_buffer_23 |         53 |         53 |       0 |    0 |    3 |      0 |      4 |          0 |
|       (m_lbuff)                              |                                                  line_buffer_23 |          1 |          1 |       0 |    0 |    3 |      0 |      0 |          0 |
|       genblk1[0].ram                         |                 xilinx_true_dual_port_read_first_2_clock_ram_24 |         17 |         17 |       0 |    0 |    0 |      0 |      1 |          0 |
|       genblk1[1].ram                         |                 xilinx_true_dual_port_read_first_2_clock_ram_25 |         17 |         17 |       0 |    0 |    0 |      0 |      1 |          0 |
|       genblk1[2].ram                         |                 xilinx_true_dual_port_read_first_2_clock_ram_26 |         17 |         17 |       0 |    0 |    0 |      0 |      1 |          0 |
|       genblk1[3].ram                         |                 xilinx_true_dual_port_read_first_2_clock_ram_27 |          1 |          1 |       0 |    0 |    0 |      0 |      1 |          0 |
|     mconv                                    |                                     convolution__parameterized0 |        173 |        173 |       0 |    0 |  196 |      0 |      0 |          0 |
|   genblk1[2].filterm                         |                                          filter__parameterized1 |        313 |        313 |       0 |    0 |  181 |      0 |      4 |          0 |
|     m_lbuff                                  |                                                  line_buffer_18 |         53 |         53 |       0 |    0 |    3 |      0 |      4 |          0 |
|       (m_lbuff)                              |                                                  line_buffer_18 |          1 |          1 |       0 |    0 |    3 |      0 |      0 |          0 |
|       genblk1[0].ram                         |                 xilinx_true_dual_port_read_first_2_clock_ram_19 |         17 |         17 |       0 |    0 |    0 |      0 |      1 |          0 |
|       genblk1[1].ram                         |                 xilinx_true_dual_port_read_first_2_clock_ram_20 |         17 |         17 |       0 |    0 |    0 |      0 |      1 |          0 |
|       genblk1[2].ram                         |                 xilinx_true_dual_port_read_first_2_clock_ram_21 |         17 |         17 |       0 |    0 |    0 |      0 |      1 |          0 |
|       genblk1[3].ram                         |                 xilinx_true_dual_port_read_first_2_clock_ram_22 |          1 |          1 |       0 |    0 |    0 |      0 |      1 |          0 |
|     mconv                                    |                                     convolution__parameterized1 |        260 |        260 |       0 |    0 |  178 |      0 |      0 |          0 |
|   genblk1[3].filterm                         |                                          filter__parameterized2 |        515 |        515 |       0 |    0 |  213 |      0 |      4 |          0 |
|     m_lbuff                                  |                                                  line_buffer_13 |         53 |         53 |       0 |    0 |    3 |      0 |      4 |          0 |
|       (m_lbuff)                              |                                                  line_buffer_13 |          1 |          1 |       0 |    0 |    3 |      0 |      0 |          0 |
|       genblk1[0].ram                         |                 xilinx_true_dual_port_read_first_2_clock_ram_14 |         17 |         17 |       0 |    0 |    0 |      0 |      1 |          0 |
|       genblk1[1].ram                         |                 xilinx_true_dual_port_read_first_2_clock_ram_15 |         17 |         17 |       0 |    0 |    0 |      0 |      1 |          0 |
|       genblk1[2].ram                         |                 xilinx_true_dual_port_read_first_2_clock_ram_16 |         17 |         17 |       0 |    0 |    0 |      0 |      1 |          0 |
|       genblk1[3].ram                         |                 xilinx_true_dual_port_read_first_2_clock_ram_17 |          1 |          1 |       0 |    0 |    0 |      0 |      1 |          0 |
|     mconv                                    |                                     convolution__parameterized2 |        462 |        462 |       0 |    0 |  210 |      0 |      0 |          0 |
|   genblk1[4].filterm                         |                                          filter__parameterized3 |        294 |        294 |       0 |    0 |  211 |      0 |      4 |          0 |
|     m_lbuff                                  |                                                   line_buffer_8 |         53 |         53 |       0 |    0 |    3 |      0 |      4 |          0 |
|       (m_lbuff)                              |                                                   line_buffer_8 |          1 |          1 |       0 |    0 |    3 |      0 |      0 |          0 |
|       genblk1[0].ram                         |                  xilinx_true_dual_port_read_first_2_clock_ram_9 |         17 |         17 |       0 |    0 |    0 |      0 |      1 |          0 |
|       genblk1[1].ram                         |                 xilinx_true_dual_port_read_first_2_clock_ram_10 |         17 |         17 |       0 |    0 |    0 |      0 |      1 |          0 |
|       genblk1[2].ram                         |                 xilinx_true_dual_port_read_first_2_clock_ram_11 |         17 |         17 |       0 |    0 |    0 |      0 |      1 |          0 |
|       genblk1[3].ram                         |                 xilinx_true_dual_port_read_first_2_clock_ram_12 |          1 |          1 |       0 |    0 |    0 |      0 |      1 |          0 |
|     mconv                                    |                                     convolution__parameterized3 |        241 |        241 |       0 |    0 |  208 |      0 |      0 |          0 |
|   genblk1[5].filterm                         |                                          filter__parameterized4 |        270 |        270 |       0 |    0 |  165 |      0 |      4 |          0 |
|     m_lbuff                                  |                                                   line_buffer_4 |         37 |         37 |       0 |    0 |    3 |      0 |      4 |          0 |
|       (m_lbuff)                              |                                                   line_buffer_4 |          1 |          1 |       0 |    0 |    3 |      0 |      0 |          0 |
|       genblk1[0].ram                         |                    xilinx_true_dual_port_read_first_2_clock_ram |         17 |         17 |       0 |    0 |    0 |      0 |      1 |          0 |
|       genblk1[1].ram                         |                  xilinx_true_dual_port_read_first_2_clock_ram_5 |          1 |          1 |       0 |    0 |    0 |      0 |      1 |          0 |
|       genblk1[2].ram                         |                  xilinx_true_dual_port_read_first_2_clock_ram_6 |         17 |         17 |       0 |    0 |    0 |      0 |      1 |          0 |
|       genblk1[3].ram                         |                  xilinx_true_dual_port_read_first_2_clock_ram_7 |          1 |          1 |       0 |    0 |    0 |      0 |      1 |          0 |
|     mconv                                    |                                     convolution__parameterized4 |        233 |        233 |       0 |    0 |  162 |      0 |      0 |          0 |
|   green_ser                                  |                                               tmds_serializer_0 |          0 |          0 |       0 |    0 |    0 |      0 |      0 |          0 |
|   mcs                                        |                                                  channel_select |          8 |          8 |       0 |    0 |    0 |      0 |      0 |          0 |
|   mssc                                       |                                                       lab05_ssc |         35 |         35 |       0 |    0 |   25 |      0 |      0 |          0 |
|   mt                                         |                                                       threshold |          1 |          1 |       0 |    0 |    1 |      0 |      0 |          0 |
|   mvm                                        |                                                       video_mux |         37 |         37 |       0 |    0 |    0 |      0 |      0 |          0 |
|   nolabel_line107                            |                                               pixel_reconstruct |         32 |         32 |       0 |    0 |   70 |      0 |      0 |          0 |
|   red_ser                                    |                                               tmds_serializer_1 |          1 |          1 |       0 |    0 |    1 |      0 |      0 |          0 |
|   registers                                  |                               xilinx_single_port_ram_read_first |          6 |          6 |       0 |    0 |    0 |      0 |      1 |          0 |
|   rgbtoycrcb_m                               |                                                    rgb_to_ycrcb |         85 |         85 |       0 |    0 |   50 |      0 |      0 |          7 |
|   tmds_blue                                  |                                                    tmds_encoder |          1 |          1 |       0 |    0 |   14 |      0 |      0 |          0 |
|   tmds_green                                 |                                                  tmds_encoder_2 |          1 |          1 |       0 |    0 |   14 |      0 |      0 |          0 |
|   tmds_red                                   |                                                  tmds_encoder_3 |          2 |          2 |       0 |    0 |   14 |      0 |      0 |          0 |
|   vsg                                        |                                                   video_sig_gen |        134 |        134 |       0 |    0 |   64 |      0 |      0 |          0 |
|     h_counter                                |                                                         counter |         50 |         50 |       0 |    0 |   32 |      0 |      0 |          0 |
|     v_counter                                |                                                     evt_counter |         84 |         84 |       0 |    0 |   32 |      0 |      0 |          0 |
|   wizard_hdmi                                |                                                 cw_hdmi_clk_wiz |          0 |          0 |       0 |    0 |    0 |      0 |      0 |          0 |
|   wizard_migcam                              |                                                 cw_fast_clk_wiz |          0 |          0 |       0 |    0 |    0 |      0 |      0 |          0 |
+----------------------------------------------+-----------------------------------------------------------------+------------+------------+---------+------+------+--------+--------+------------+


