Copyright 1986-2022 Xilinx, Inc. All Rights Reserved. Copyright 2022-2024 Advanced Micro Devices, Inc. All Rights Reserved.
---------------------------------------------------------------------------------------------------------------------------------------------
| Tool Version : Vivado v.2024.1 (lin64) Build 5076996 Wed May 22 18:36:09 MDT 2024
| Date         : Mon Dec  9 09:28:25 2024
| Host         : eecs-digital-35 running 64-bit Ubuntu 24.04.1 LTS
| Command      : report_timing_summary -file obj/post_route_timing_summary.rpt
| Design       : top_level
| Device       : 7a100t-csg324
| Speed File   : -1  PRODUCTION 1.23 2018-06-13
| Design State : Routed
---------------------------------------------------------------------------------------------------------------------------------------------

Timing Summary Report

------------------------------------------------------------------------------------------------
| Timer Settings
| --------------
------------------------------------------------------------------------------------------------

  Enable Multi Corner Analysis               :  Yes
  Enable Pessimism Removal                   :  Yes
  Pessimism Removal Resolution               :  Nearest Common Node
  Enable Input Delay Default Clock           :  No
  Enable Preset / Clear Arcs                 :  No
  Disable Flight Delays                      :  No
  Ignore I/O Paths                           :  No
  Timing Early Launch at Borrowing Latches   :  No
  Borrow Time for Max Delay Exceptions       :  Yes
  Merge Timing Exceptions                    :  Yes
  Inter-SLR Compensation                     :  Conservative

  Corner  Analyze    Analyze    
  Name    Max Paths  Min Paths  
  ------  ---------  ---------  
  Slow    Yes        Yes        
  Fast    Yes        Yes        


------------------------------------------------------------------------------------------------
| Report Methodology
| ------------------
------------------------------------------------------------------------------------------------

No report available as report_methodology has not been run prior. Run report_methodology on the current design for the summary of methodology violations.



check_timing report

Table of Contents
-----------------
1. checking no_clock (0)
2. checking constant_clock (0)
3. checking pulse_width_clock (0)
4. checking unconstrained_internal_endpoints (0)
5. checking no_input_delay (1)
6. checking no_output_delay (29)
7. checking multiple_clock (0)
8. checking generated_clocks (0)
9. checking loops (0)
10. checking partial_input_delay (0)
11. checking partial_output_delay (0)
12. checking latch_loops (0)

1. checking no_clock (0)
------------------------
 There are 0 register/latch pins with no clock.


2. checking constant_clock (0)
------------------------------
 There are 0 register/latch pins with constant_clock.


3. checking pulse_width_clock (0)
---------------------------------
 There are 0 register/latch pins which need pulse_width check


4. checking unconstrained_internal_endpoints (0)
------------------------------------------------
 There are 0 pins that are not constrained for maximum delay.

 There are 0 pins that are not constrained for maximum delay due to constant clock.


5. checking no_input_delay (1)
------------------------------
 There is 1 input port with no input delay specified. (HIGH)

 There are 0 input ports with no input delay but user has a false path constraint.


6. checking no_output_delay (29)
--------------------------------
 There are 29 ports with no output delay specified. (HIGH)

 There are 0 ports with no output delay but user has a false path constraint

 There are 0 ports with no output delay but with a timing clock defined on it or propagating through it


7. checking multiple_clock (0)
------------------------------
 There are 0 register/latch pins with multiple clocks.


8. checking generated_clocks (0)
--------------------------------
 There are 0 generated clocks that are not connected to a clock source.


9. checking loops (0)
---------------------
 There are 0 combinational loops in the design.


10. checking partial_input_delay (0)
------------------------------------
 There are 0 input ports with partial input delay specified.


11. checking partial_output_delay (0)
-------------------------------------
 There are 0 ports with partial output delay specified.


12. checking latch_loops (0)
----------------------------
 There are 0 combinational latch loops in the design through latch input



------------------------------------------------------------------------------------------------
| Design Timing Summary
| ---------------------
------------------------------------------------------------------------------------------------

    WNS(ns)      TNS(ns)  TNS Failing Endpoints  TNS Total Endpoints      WHS(ns)      THS(ns)  THS Failing Endpoints  THS Total Endpoints     WPWS(ns)     TPWS(ns)  TPWS Failing Endpoints  TPWS Total Endpoints  
    -------      -------  ---------------------  -------------------      -------      -------  ---------------------  -------------------     --------     --------  ----------------------  --------------------  
      1.512        0.000                      0               119555        0.010        0.000                      0               119555        3.000        0.000                       0                 51222  


All user specified timing constraints are met.


------------------------------------------------------------------------------------------------
| Clock Summary
| -------------
------------------------------------------------------------------------------------------------

Clock                  Waveform(ns)       Period(ns)      Frequency(MHz)
-----                  ------------       ----------      --------------
sys_clk_pin            {0.000 5.000}      10.000          100.000         
  clk_100_cw_fast      {0.000 5.000}      10.000          100.000         
    clk_pixel_cw_hdmi  {0.000 6.734}      13.468          74.250          
    clkfbout_cw_hdmi   {0.000 25.000}     50.000          20.000          
  clkfbout_cw_fast     {0.000 5.000}      10.000          100.000         


------------------------------------------------------------------------------------------------
| Intra Clock Table
| -----------------
------------------------------------------------------------------------------------------------

Clock                      WNS(ns)      TNS(ns)  TNS Failing Endpoints  TNS Total Endpoints      WHS(ns)      THS(ns)  THS Failing Endpoints  THS Total Endpoints     WPWS(ns)     TPWS(ns)  TPWS Failing Endpoints  TPWS Total Endpoints  
-----                      -------      -------  ---------------------  -------------------      -------      -------  ---------------------  -------------------     --------     --------  ----------------------  --------------------  
sys_clk_pin                                                                                                                                                              3.000        0.000                       0                     1  
  clk_100_cw_fast                                                                                                                                                        3.000        0.000                       0                     3  
    clk_pixel_cw_hdmi        1.512        0.000                      0               119555        0.010        0.000                      0               119555        5.754        0.000                       0                 51212  
    clkfbout_cw_hdmi                                                                                                                                                    47.845        0.000                       0                     3  
  clkfbout_cw_fast                                                                                                                                                       7.845        0.000                       0                     3  


------------------------------------------------------------------------------------------------
| Inter Clock Table
| -----------------
------------------------------------------------------------------------------------------------

From Clock    To Clock          WNS(ns)      TNS(ns)  TNS Failing Endpoints  TNS Total Endpoints      WHS(ns)      THS(ns)  THS Failing Endpoints  THS Total Endpoints  
----------    --------          -------      -------  ---------------------  -------------------      -------      -------  ---------------------  -------------------  


------------------------------------------------------------------------------------------------
| Other Path Groups Table
| -----------------------
------------------------------------------------------------------------------------------------

Path Group    From Clock    To Clock          WNS(ns)      TNS(ns)  TNS Failing Endpoints  TNS Total Endpoints      WHS(ns)      THS(ns)  THS Failing Endpoints  THS Total Endpoints  
----------    ----------    --------          -------      -------  ---------------------  -------------------      -------      -------  ---------------------  -------------------  


------------------------------------------------------------------------------------------------
| Timing Details
| --------------
------------------------------------------------------------------------------------------------


---------------------------------------------------------------------------------------------------
From Clock:  sys_clk_pin
  To Clock:  sys_clk_pin

Setup :           NA  Failing Endpoints,  Worst Slack           NA  ,  Total Violation           NA
Hold  :           NA  Failing Endpoints,  Worst Slack           NA  ,  Total Violation           NA
PW    :            0  Failing Endpoints,  Worst Slack        3.000ns,  Total Violation        0.000ns
---------------------------------------------------------------------------------------------------


Pulse Width Checks
--------------------------------------------------------------------------------------
Clock Name:         sys_clk_pin
Waveform(ns):       { 0.000 5.000 }
Period(ns):         10.000
Sources:            { CLK100MHZ }

Check Type        Corner  Lib Pin           Reference Pin  Required(ns)  Actual(ns)  Slack(ns)  Location        Pin
Min Period        n/a     PLLE2_ADV/CLKIN1  n/a            1.249         10.000      8.751      PLLE2_ADV_X1Y2  wizard_migcam/plle2_adv_inst/CLKIN1
Max Period        n/a     PLLE2_ADV/CLKIN1  n/a            52.633        10.000      42.633     PLLE2_ADV_X1Y2  wizard_migcam/plle2_adv_inst/CLKIN1
Low Pulse Width   Slow    PLLE2_ADV/CLKIN1  n/a            2.000         5.000       3.000      PLLE2_ADV_X1Y2  wizard_migcam/plle2_adv_inst/CLKIN1
High Pulse Width  Slow    PLLE2_ADV/CLKIN1  n/a            2.000         5.000       3.000      PLLE2_ADV_X1Y2  wizard_migcam/plle2_adv_inst/CLKIN1



---------------------------------------------------------------------------------------------------
From Clock:  clk_100_cw_fast
  To Clock:  clk_100_cw_fast

Setup :           NA  Failing Endpoints,  Worst Slack           NA  ,  Total Violation           NA
Hold  :           NA  Failing Endpoints,  Worst Slack           NA  ,  Total Violation           NA
PW    :            0  Failing Endpoints,  Worst Slack        3.000ns,  Total Violation        0.000ns
---------------------------------------------------------------------------------------------------


Pulse Width Checks
--------------------------------------------------------------------------------------
Clock Name:         clk_100_cw_fast
Waveform(ns):       { 0.000 5.000 }
Period(ns):         10.000
Sources:            { wizard_migcam/plle2_adv_inst/CLKOUT0 }

Check Type        Corner  Lib Pin            Reference Pin  Required(ns)  Actual(ns)  Slack(ns)  Location         Pin
Min Period        n/a     BUFG/I             n/a            2.155         10.000      7.845      BUFGCTRL_X0Y17   wizard_migcam/clkout1_buf/I
Max Period        n/a     MMCME2_ADV/CLKIN1  n/a            100.000       10.000      90.000     MMCME2_ADV_X0Y0  wizard_hdmi/mmcm_adv_inst/CLKIN1
Low Pulse Width   Slow    MMCME2_ADV/CLKIN1  n/a            2.000         5.000       3.000      MMCME2_ADV_X0Y0  wizard_hdmi/mmcm_adv_inst/CLKIN1
High Pulse Width  Slow    MMCME2_ADV/CLKIN1  n/a            2.000         5.000       3.000      MMCME2_ADV_X0Y0  wizard_hdmi/mmcm_adv_inst/CLKIN1



---------------------------------------------------------------------------------------------------
From Clock:  clk_pixel_cw_hdmi
  To Clock:  clk_pixel_cw_hdmi

Setup :            0  Failing Endpoints,  Worst Slack        1.512ns,  Total Violation        0.000ns
Hold  :            0  Failing Endpoints,  Worst Slack        0.010ns,  Total Violation        0.000ns
PW    :            0  Failing Endpoints,  Worst Slack        5.754ns,  Total Violation        0.000ns
---------------------------------------------------------------------------------------------------


Max Delay Paths
--------------------------------------------------------------------------------------
Slack (MET) :             1.512ns  (required time - arrival time)
  Source:                 ram_addrb0/CLK
                            (rising edge-triggered cell DSP48E1 clocked by clk_pixel_cw_hdmi  {rise@0.000ns fall@6.734ns period=13.468ns})
  Destination:            renderer_buffer/BRAM_reg_1_9__0/ADDRBWRADDR[8]
                            (rising edge-triggered cell RAMB36E1 clocked by clk_pixel_cw_hdmi  {rise@0.000ns fall@6.734ns period=13.468ns})
  Path Group:             clk_pixel_cw_hdmi
  Path Type:              Setup (Max at Slow Process Corner)
  Requirement:            13.468ns  (clk_pixel_cw_hdmi rise@13.468ns - clk_pixel_cw_hdmi rise@0.000ns)
  Data Path Delay:        10.634ns  (logic 7.152ns (67.253%)  route 3.482ns (32.747%))
  Logic Levels:           2  (DSP48E1=1 LUT2=1)
  Clock Path Skew:        -0.338ns (DCD - SCD + CPR)
    Destination Clock Delay (DCD):    -1.994ns = ( 11.474 - 13.468 ) 
    Source Clock Delay      (SCD):    -2.159ns
    Clock Pessimism Removal (CPR):    -0.503ns
  Clock Uncertainty:      0.210ns  ((TSJ^2 + DJ^2)^1/2) / 2 + PE
    Total System Jitter     (TSJ):    0.071ns
    Discrete Jitter          (DJ):    0.414ns
    Phase Error              (PE):    0.000ns

    Location             Delay type                Incr(ns)  Path(ns)    Netlist Resource(s)
  -------------------------------------------------------------------    -------------------
                         (clock clk_pixel_cw_hdmi rise edge)
                                                      0.000     0.000 r  
    E3                                                0.000     0.000 r  CLK100MHZ (IN)
                         net (fo=0)                   0.000     0.000    wizard_migcam/CLK100MHZ
    E3                   IBUF (Prop_ibuf_I_O)         1.482     1.482 r  wizard_migcam/clkin1_ibufg/O
                         net (fo=1, routed)           1.253     2.735    wizard_migcam/clk_in1_cw_fast
    PLLE2_ADV_X1Y2       PLLE2_ADV (Prop_plle2_adv_CLKIN1_CLKOUT0)
                                                     -8.591    -5.856 r  wizard_migcam/plle2_adv_inst/CLKOUT0
                         net (fo=1, routed)           1.713    -4.143    wizard_migcam/clk_100_cw_fast
    BUFGCTRL_X0Y17       BUFG (Prop_bufg_I_O)         0.096    -4.047 r  wizard_migcam/clkout1_buf/O
                         net (fo=1, routed)           1.809    -2.238    wizard_hdmi/sysclk
    MMCME2_ADV_X0Y0      MMCME2_ADV (Prop_mmcme2_adv_CLKIN1_CLKOUT0)
                                                     -3.922    -6.159 r  wizard_hdmi/mmcm_adv_inst/CLKOUT0
                         net (fo=1, routed)           2.018    -4.141    wizard_hdmi/clk_pixel_cw_hdmi
    BUFGCTRL_X0Y0        BUFG (Prop_bufg_I_O)         0.096    -4.045 r  wizard_hdmi/clkout1_buf/O
                         net (fo=51214, routed)       1.886    -2.159    clk_pixel
    DSP48_X1Y60          DSP48E1                                      r  ram_addrb0/CLK
  -------------------------------------------------------------------    -------------------
    DSP48_X1Y60          DSP48E1 (Prop_dsp48e1_CLK_PCOUT[47])
                                                      5.515     3.356 r  ram_addrb0/PCOUT[47]
                         net (fo=1, routed)           0.002     3.358    ram_addrb0_n_106
    DSP48_X1Y61          DSP48E1 (Prop_dsp48e1_PCIN[47]_P[8])
                                                      1.518     4.876 r  ram_addrb/P[8]
                         net (fo=2, routed)           0.933     5.809    vsg/h_counter/P[8]
    SLICE_X57Y150        LUT2 (Prop_lut2_I1_O)        0.119     5.928 r  vsg/h_counter/BRAM_reg_0_8_i_7/O
                         net (fo=12, routed)          2.548     8.475    renderer_buffer/ADDRBWRADDR[8]
    RAMB36_X0Y24         RAMB36E1                                     r  renderer_buffer/BRAM_reg_1_9__0/ADDRBWRADDR[8]
  -------------------------------------------------------------------    -------------------

                         (clock clk_pixel_cw_hdmi rise edge)
                                                     13.468    13.468 r  
    E3                                                0.000    13.468 r  CLK100MHZ (IN)
                         net (fo=0)                   0.000    13.468    wizard_migcam/CLK100MHZ
    E3                   IBUF (Prop_ibuf_I_O)         1.411    14.879 r  wizard_migcam/clkin1_ibufg/O
                         net (fo=1, routed)           1.181    16.060    wizard_migcam/clk_in1_cw_fast
    PLLE2_ADV_X1Y2       PLLE2_ADV (Prop_plle2_adv_CLKIN1_CLKOUT0)
                                                     -7.856     8.204 r  wizard_migcam/plle2_adv_inst/CLKOUT0
                         net (fo=1, routed)           1.634     9.838    wizard_migcam/clk_100_cw_fast
    BUFGCTRL_X0Y17       BUFG (Prop_bufg_I_O)         0.091     9.929 r  wizard_migcam/clkout1_buf/O
                         net (fo=1, routed)           1.683    11.612    wizard_hdmi/sysclk
    MMCME2_ADV_X0Y0      MMCME2_ADV (Prop_mmcme2_adv_CLKIN1_CLKOUT0)
                                                     -3.694     7.918 r  wizard_hdmi/mmcm_adv_inst/CLKOUT0
                         net (fo=1, routed)           1.923     9.841    wizard_hdmi/clk_pixel_cw_hdmi
    BUFGCTRL_X0Y0        BUFG (Prop_bufg_I_O)         0.091     9.932 r  wizard_hdmi/clkout1_buf/O
                         net (fo=51214, routed)       1.541    11.474    renderer_buffer/clk_pixel
    RAMB36_X0Y24         RAMB36E1                                     r  renderer_buffer/BRAM_reg_1_9__0/CLKBWRCLK
                         clock pessimism             -0.503    10.971    
                         clock uncertainty           -0.210    10.761    
    RAMB36_X0Y24         RAMB36E1 (Setup_ramb36e1_CLKBWRCLK_ADDRBWRADDR[8])
                                                     -0.774     9.987    renderer_buffer/BRAM_reg_1_9__0
  -------------------------------------------------------------------
                         required time                          9.987    
                         arrival time                          -8.475    
  -------------------------------------------------------------------
                         slack                                  1.512    





Min Delay Paths
--------------------------------------------------------------------------------------
Slack (MET) :             0.010ns  (arrival time - required time)
  Source:                 full_render/check_objects/r_intersect/ocd/mul_3/inst/i_synth/MULT.OP/i_non_prim.OP/RESULT_REG.NORMAL.mant_op_reg[0]/C
                            (rising edge-triggered cell FDRE clocked by clk_pixel_cw_hdmi  {rise@0.000ns fall@6.734ns period=13.468ns})
  Destination:            full_render/check_objects/r_intersect/ocd/sum/pipe/a_pipe_reg[0][0]/D
                            (rising edge-triggered cell FDRE clocked by clk_pixel_cw_hdmi  {rise@0.000ns fall@6.734ns period=13.468ns})
  Path Group:             clk_pixel_cw_hdmi
  Path Type:              Hold (Min at Fast Process Corner)
  Requirement:            0.000ns  (clk_pixel_cw_hdmi rise@0.000ns - clk_pixel_cw_hdmi rise@0.000ns)
  Data Path Delay:        0.366ns  (logic 0.186ns (50.841%)  route 0.180ns (49.159%))
  Logic Levels:           1  (LUT4=1)
  Clock Path Skew:        0.265ns (DCD - SCD - CPR)
    Destination Clock Delay (DCD):    -0.257ns
    Source Clock Delay      (SCD):    -0.491ns
    Clock Pessimism Removal (CPR):    -0.032ns

    Location             Delay type                Incr(ns)  Path(ns)    Netlist Resource(s)
  -------------------------------------------------------------------    -------------------
                         (clock clk_pixel_cw_hdmi rise edge)
                                                      0.000     0.000 r  
    E3                                                0.000     0.000 r  CLK100MHZ (IN)
                         net (fo=0)                   0.000     0.000    wizard_migcam/CLK100MHZ
    E3                   IBUF (Prop_ibuf_I_O)         0.250     0.250 r  wizard_migcam/clkin1_ibufg/O
                         net (fo=1, routed)           0.440     0.690    wizard_migcam/clk_in1_cw_fast
    PLLE2_ADV_X1Y2       PLLE2_ADV (Prop_plle2_adv_CLKIN1_CLKOUT0)
                                                     -2.342    -1.652 r  wizard_migcam/plle2_adv_inst/CLKOUT0
                         net (fo=1, routed)           0.514    -1.138    wizard_migcam/clk_100_cw_fast
    BUFGCTRL_X0Y17       BUFG (Prop_bufg_I_O)         0.026    -1.112 r  wizard_migcam/clkout1_buf/O
                         net (fo=1, routed)           0.624    -0.488    wizard_hdmi/sysclk
    MMCME2_ADV_X0Y0      MMCME2_ADV (Prop_mmcme2_adv_CLKIN1_CLKOUT0)
                                                     -1.296    -1.784 r  wizard_hdmi/mmcm_adv_inst/CLKOUT0
                         net (fo=1, routed)           0.648    -1.136    wizard_hdmi/clk_pixel_cw_hdmi
    BUFGCTRL_X0Y0        BUFG (Prop_bufg_I_O)         0.026    -1.110 r  wizard_hdmi/clkout1_buf/O
                         net (fo=51214, routed)       0.619    -0.491    full_render/check_objects/r_intersect/ocd/mul_3/inst/i_synth/MULT.OP/i_non_prim.OP/aclk
    SLICE_X53Y20         FDRE                                         r  full_render/check_objects/r_intersect/ocd/mul_3/inst/i_synth/MULT.OP/i_non_prim.OP/RESULT_REG.NORMAL.mant_op_reg[0]/C
  -------------------------------------------------------------------    -------------------
    SLICE_X53Y20         FDRE (Prop_fdre_C_Q)         0.141    -0.350 r  full_render/check_objects/r_intersect/ocd/mul_3/inst/i_synth/MULT.OP/i_non_prim.OP/RESULT_REG.NORMAL.mant_op_reg[0]/Q
                         net (fo=1, routed)           0.180    -0.170    full_render/check_objects/r_intersect/ocd/sum/pipe/a_pipe_reg[0][31]_0[0]
    SLICE_X51Y19         LUT4 (Prop_lut4_I3_O)        0.045    -0.125 r  full_render/check_objects/r_intersect/ocd/sum/pipe/a_pipe[0][0]_i_1__40/O
                         net (fo=1, routed)           0.000    -0.125    full_render/check_objects/r_intersect/ocd/sum/pipe/a_pipe[0][0]_i_1__40_n_0
    SLICE_X51Y19         FDRE                                         r  full_render/check_objects/r_intersect/ocd/sum/pipe/a_pipe_reg[0][0]/D
  -------------------------------------------------------------------    -------------------

                         (clock clk_pixel_cw_hdmi rise edge)
                                                      0.000     0.000 r  
    E3                                                0.000     0.000 r  CLK100MHZ (IN)
                         net (fo=0)                   0.000     0.000    wizard_migcam/CLK100MHZ
    E3                   IBUF (Prop_ibuf_I_O)         0.438     0.438 r  wizard_migcam/clkin1_ibufg/O
                         net (fo=1, routed)           0.481     0.919    wizard_migcam/clk_in1_cw_fast
    PLLE2_ADV_X1Y2       PLLE2_ADV (Prop_plle2_adv_CLKIN1_CLKOUT0)
                                                     -2.659    -1.740 r  wizard_migcam/plle2_adv_inst/CLKOUT0
                         net (fo=1, routed)           0.560    -1.181    wizard_migcam/clk_100_cw_fast
    BUFGCTRL_X0Y17       BUFG (Prop_bufg_I_O)         0.029    -1.152 r  wizard_migcam/clkout1_buf/O
                         net (fo=1, routed)           0.898    -0.254    wizard_hdmi/sysclk
    MMCME2_ADV_X0Y0      MMCME2_ADV (Prop_mmcme2_adv_CLKIN1_CLKOUT0)
                                                     -1.625    -1.879 r  wizard_hdmi/mmcm_adv_inst/CLKOUT0
                         net (fo=1, routed)           0.700    -1.179    wizard_hdmi/clk_pixel_cw_hdmi
    BUFGCTRL_X0Y0        BUFG (Prop_bufg_I_O)         0.029    -1.150 r  wizard_hdmi/clkout1_buf/O
                         net (fo=51214, routed)       0.893    -0.257    full_render/check_objects/r_intersect/ocd/sum/pipe/clk_pixel
    SLICE_X51Y19         FDRE                                         r  full_render/check_objects/r_intersect/ocd/sum/pipe/a_pipe_reg[0][0]/C
                         clock pessimism              0.032    -0.226    
    SLICE_X51Y19         FDRE (Hold_fdre_C_D)         0.091    -0.135    full_render/check_objects/r_intersect/ocd/sum/pipe/a_pipe_reg[0][0]
  -------------------------------------------------------------------
                         required time                          0.135    
                         arrival time                          -0.125    
  -------------------------------------------------------------------
                         slack                                  0.010    





Pulse Width Checks
--------------------------------------------------------------------------------------
Clock Name:         clk_pixel_cw_hdmi
Waveform(ns):       { 0.000 6.734 }
Period(ns):         13.468
Sources:            { wizard_hdmi/mmcm_adv_inst/CLKOUT0 }

Check Type        Corner  Lib Pin             Reference Pin  Required(ns)  Actual(ns)  Slack(ns)  Location         Pin
Min Period        n/a     RAMB36E1/CLKARDCLK  n/a            3.363         13.468      10.105     RAMB36_X1Y23     renderer_buffer/BRAM_reg_0_0/CLKARDCLK
Max Period        n/a     MMCME2_ADV/CLKOUT0  n/a            213.360       13.468      199.892    MMCME2_ADV_X0Y0  wizard_hdmi/mmcm_adv_inst/CLKOUT0
Low Pulse Width   Slow    SRL16E/CLK          n/a            0.980         6.734       5.754      SLICE_X60Y141    full_render/check_objects/hp/dot/mul_1/inst/i_synth/MULT.OP/i_non_prim.EXP/IP_SIGN_DELAY/i_pipe/opt_has_pipe.i_pipe[3].pipe_reg[3][0]_srl2/CLK
High Pulse Width  Slow    SRL16E/CLK          n/a            0.980         6.734       5.754      SLICE_X60Y141    full_render/check_objects/hp/dot/mul_1/inst/i_synth/MULT.OP/i_non_prim.EXP/IP_SIGN_DELAY/i_pipe/opt_has_pipe.i_pipe[3].pipe_reg[3][0]_srl2/CLK



---------------------------------------------------------------------------------------------------
From Clock:  clkfbout_cw_hdmi
  To Clock:  clkfbout_cw_hdmi

Setup :           NA  Failing Endpoints,  Worst Slack           NA  ,  Total Violation           NA
Hold  :           NA  Failing Endpoints,  Worst Slack           NA  ,  Total Violation           NA
PW    :            0  Failing Endpoints,  Worst Slack       47.845ns,  Total Violation        0.000ns
---------------------------------------------------------------------------------------------------


Pulse Width Checks
--------------------------------------------------------------------------------------
Clock Name:         clkfbout_cw_hdmi
Waveform(ns):       { 0.000 25.000 }
Period(ns):         50.000
Sources:            { wizard_hdmi/mmcm_adv_inst/CLKFBOUT }

Check Type  Corner  Lib Pin             Reference Pin  Required(ns)  Actual(ns)  Slack(ns)  Location         Pin
Min Period  n/a     BUFG/I              n/a            2.155         50.000      47.845     BUFGCTRL_X0Y1    wizard_hdmi/clkf_buf/I
Max Period  n/a     MMCME2_ADV/CLKFBIN  n/a            100.000       50.000      50.000     MMCME2_ADV_X0Y0  wizard_hdmi/mmcm_adv_inst/CLKFBIN



---------------------------------------------------------------------------------------------------
From Clock:  clkfbout_cw_fast
  To Clock:  clkfbout_cw_fast

Setup :           NA  Failing Endpoints,  Worst Slack           NA  ,  Total Violation           NA
Hold  :           NA  Failing Endpoints,  Worst Slack           NA  ,  Total Violation           NA
PW    :            0  Failing Endpoints,  Worst Slack        7.845ns,  Total Violation        0.000ns
---------------------------------------------------------------------------------------------------


Pulse Width Checks
--------------------------------------------------------------------------------------
Clock Name:         clkfbout_cw_fast
Waveform(ns):       { 0.000 5.000 }
Period(ns):         10.000
Sources:            { wizard_migcam/plle2_adv_inst/CLKFBOUT }

Check Type  Corner  Lib Pin            Reference Pin  Required(ns)  Actual(ns)  Slack(ns)  Location        Pin
Min Period  n/a     BUFG/I             n/a            2.155         10.000      7.845      BUFGCTRL_X0Y16  wizard_migcam/clkf_buf/I
Max Period  n/a     PLLE2_ADV/CLKFBIN  n/a            52.633        10.000      42.633     PLLE2_ADV_X1Y2  wizard_migcam/plle2_adv_inst/CLKFBIN



